2014-09-29 11:02:23 Server:Workerman is starting ...
2014-09-29 11:02:23 Server:[1A
[KWorkerman start success ...[0m
2014-09-29 11:03:31 /data/test/workerman/workerman/applications/Demo/Bootstrap/Gateway.php updated and reload workers
2014-09-29 11:03:31 Worker[Gateway]:CLIENT: CLOSE INNER_CONNECTION

2014-09-29 11:03:31 Worker[Gateway]:CLIENT: CLOSE INNER_CONNECTION

2014-09-29 11:03:31 Worker[Gateway]:CLIENT: CLOSE INNER_CONNECTION

2014-09-29 11:03:31 Worker[Gateway]:CLIENT: CLOSE INNER_CONNECTION

2014-09-29 11:03:31 Worker[Gateway]:CLIENT: CLOSE INNER_CONNECTION

2014-09-29 11:03:31 Worker[Gateway]:CLIENT: CLOSE INNER_CONNECTION

2014-09-29 11:03:31 Worker[Gateway]:CLIENT: CLOSE INNER_CONNECTION

2014-09-29 11:03:31 Worker[Gateway]:CLIENT: CLOSE INNER_CONNECTION

2014-09-29 11:03:31 Worker[Gateway]:CLIENT: CLOSE INNER_CONNECTION

2014-09-29 11:03:31 Worker[Gateway]:CLIENT: CLOSE INNER_CONNECTION

2014-09-29 11:03:31 Worker[Gateway]:CLIENT: CLOSE INNER_CONNECTION

2014-09-29 11:03:31 Worker[Gateway]:CLIENT: CLOSE INNER_CONNECTION

2014-09-29 11:03:31 Worker[Gateway]:CLIENT: CLOSE INNER_CONNECTION

2014-09-29 11:03:31 Worker[Gateway]:CLIENT: CLOSE INNER_CONNECTION

2014-09-29 11:03:31 Worker[Gateway]:CLIENT: CLOSE INNER_CONNECTION

2014-09-29 11:03:31 Worker[Gateway]:CLIENT: CLOSE INNER_CONNECTION

2014-09-29 11:03:31 Worker[Gateway]:CLIENT: CLOSE INNER_CONNECTION

2014-09-29 11:03:31 Worker[Gateway]:CLIENT: CLOSE INNER_CONNECTION

2014-09-29 11:03:31 Worker[Gateway]:CLIENT: CLOSE INNER_CONNECTION

2014-09-29 11:03:31 Worker[Gateway]:CLIENT: CLOSE INNER_CONNECTION

2014-09-29 11:03:31 Worker[Gateway]:CLIENT: CLOSE INNER_CONNECTION

2014-09-29 11:03:31 Worker[Gateway]:CLIENT: CLOSE INNER_CONNECTION

2014-09-29 11:03:31 Worker[Gateway]:CLIENT: CLOSE INNER_CONNECTION

2014-09-29 11:03:31 Worker[Gateway]:CLIENT: CLOSE INNER_CONNECTION

2014-09-29 11:03:31 Worker[Gateway]:CLIENT: CLOSE INNER_CONNECTION

2014-09-29 11:03:32 /data/test/workerman/workerman/applications/Demo/Bootstrap/Gateway.php updated and reload workers
2014-09-29 11:03:32 Worker[Gateway]:CLIENT: CLOSE INNER_CONNECTION

2014-09-29 11:03:32 Worker[Gateway]:CLIENT: CLOSE INNER_CONNECTION

2014-09-29 11:03:32 Worker[Gateway]:CLIENT: CLOSE INNER_CONNECTION

2014-09-29 11:03:32 Worker[Gateway]:CLIENT: CLOSE INNER_CONNECTION

2014-09-29 11:03:32 Worker[Gateway]:CLIENT: CLOSE INNER_CONNECTION

2014-09-29 11:03:32 Worker[Gateway]:CLIENT: CLOSE INNER_CONNECTION

2014-09-29 11:03:32 Worker[Gateway]:CLIENT: CLOSE INNER_CONNECTION

2014-09-29 11:03:32 Worker[Gateway]:CLIENT: CLOSE INNER_CONNECTION

2014-09-29 11:03:32 Worker[Gateway]:CLIENT: CLOSE INNER_CONNECTION

2014-09-29 11:03:32 Worker[Gateway]:CLIENT: CLOSE INNER_CONNECTION

2014-09-29 11:03:32 Worker[Gateway]:CLIENT: CLOSE INNER_CONNECTION

2014-09-29 11:03:32 Worker[Gateway]:CLIENT: CLOSE INNER_CONNECTION

2014-09-29 11:03:32 Worker[Gateway]:CLIENT: CLOSE INNER_CONNECTION

2014-09-29 11:03:32 Worker[Gateway]:CLIENT: CLOSE INNER_CONNECTION

2014-09-29 11:03:32 Worker[Gateway]:CLIENT: CLOSE INNER_CONNECTION

2014-09-29 11:03:32 Worker[Gateway]:CLIENT: CLOSE INNER_CONNECTION

2014-09-29 11:03:32 Worker[Gateway]:CLIENT: CLOSE INNER_CONNECTION

2014-09-29 11:03:32 Worker[Gateway]:CLIENT: CLOSE INNER_CONNECTION

2014-09-29 11:03:32 Worker[Gateway]:CLIENT: CLOSE INNER_CONNECTION

2014-09-29 11:03:32 Worker[Gateway]:CLIENT: CLOSE INNER_CONNECTION

2014-09-29 11:03:32 Worker[Gateway]:CLIENT: CLOSE INNER_CONNECTION

2014-09-29 11:03:32 Worker[Gateway]:CLIENT: CLOSE INNER_CONNECTION

2014-09-29 11:03:32 Worker[Gateway]:CLIENT: CLOSE INNER_CONNECTION

2014-09-29 11:03:32 Worker[Gateway]:CLIENT: CLOSE INNER_CONNECTION

2014-09-29 11:03:32 Worker[Gateway]:CLIENT: CLOSE INNER_CONNECTION

2014-09-29 11:03:35 /data/test/workerman/workerman/applications/Demo/Bootstrap/Gateway.php updated and reload workers
2014-09-29 11:03:35 Worker[Gateway]:CLIENT: CLOSE INNER_CONNECTION

2014-09-29 11:03:35 Worker[Gateway]:CLIENT: CLOSE INNER_CONNECTION

2014-09-29 11:03:35 Worker[Gateway]:CLIENT: CLOSE INNER_CONNECTION

2014-09-29 11:03:35 Worker[Gateway]:CLIENT: CLOSE INNER_CONNECTION

2014-09-29 11:03:35 Worker[Gateway]:CLIENT: CLOSE INNER_CONNECTION

2014-09-29 11:03:35 Worker[Gateway]:CLIENT: CLOSE INNER_CONNECTION

2014-09-29 11:03:35 Worker[Gateway]:CLIENT: CLOSE INNER_CONNECTION

2014-09-29 11:03:35 Worker[Gateway]:CLIENT: CLOSE INNER_CONNECTION

2014-09-29 11:03:35 Worker[Gateway]:CLIENT: CLOSE INNER_CONNECTION

2014-09-29 11:03:35 Worker[Gateway]:CLIENT: CLOSE INNER_CONNECTION

2014-09-29 11:03:35 Worker[Gateway]:CLIENT: CLOSE INNER_CONNECTION

2014-09-29 11:03:35 Worker[Gateway]:CLIENT: CLOSE INNER_CONNECTION

2014-09-29 11:03:35 Worker[Gateway]:CLIENT: CLOSE INNER_CONNECTION

2014-09-29 11:03:35 Worker[Gateway]:CLIENT: CLOSE INNER_CONNECTION

2014-09-29 11:03:35 Worker[Gateway]:CLIENT: CLOSE INNER_CONNECTION

2014-09-29 11:03:35 Worker[Gateway]:CLIENT: CLOSE INNER_CONNECTION

2014-09-29 11:03:35 Worker[Gateway]:CLIENT: CLOSE INNER_CONNECTION

2014-09-29 11:03:35 Worker[Gateway]:CLIENT: CLOSE INNER_CONNECTION

2014-09-29 11:03:35 Worker[Gateway]:CLIENT: CLOSE INNER_CONNECTION

2014-09-29 11:03:35 Worker[Gateway]:CLIENT: CLOSE INNER_CONNECTION

2014-09-29 11:03:35 Worker[Gateway]:CLIENT: CLOSE INNER_CONNECTION

2014-09-29 11:03:35 Worker[Gateway]:CLIENT: CLOSE INNER_CONNECTION

2014-09-29 11:03:35 Worker[Gateway]:CLIENT: CLOSE INNER_CONNECTION

2014-09-29 11:03:35 Worker[Gateway]:CLIENT: CLOSE INNER_CONNECTION

2014-09-29 11:03:35 Worker[Gateway]:CLIENT: CLOSE INNER_CONNECTION

2014-09-29 11:03:42 /data/test/workerman/workerman/applications/Demo/Bootstrap/Gateway.php updated and reload workers
2014-09-29 11:03:42 Worker[Gateway]:CLIENT: CLOSE INNER_CONNECTION

2014-09-29 11:03:42 Worker[Gateway]:CLIENT: CLOSE INNER_CONNECTION

2014-09-29 11:03:42 Worker[Gateway]:CLIENT: CLOSE INNER_CONNECTION

2014-09-29 11:03:42 Worker[Gateway]:CLIENT: CLOSE INNER_CONNECTION

2014-09-29 11:03:42 Worker[Gateway]:CLIENT: CLOSE INNER_CONNECTION

2014-09-29 11:03:42 Worker[Gateway]:CLIENT: CLOSE INNER_CONNECTION

2014-09-29 11:03:42 Worker[Gateway]:CLIENT: CLOSE INNER_CONNECTION

2014-09-29 11:03:42 Worker[Gateway]:CLIENT: CLOSE INNER_CONNECTION

2014-09-29 11:03:42 Worker[Gateway]:CLIENT: CLOSE INNER_CONNECTION

2014-09-29 11:03:42 Worker[Gateway]:CLIENT: CLOSE INNER_CONNECTION

2014-09-29 11:03:42 Worker[Gateway]:CLIENT: CLOSE INNER_CONNECTION

2014-09-29 11:03:42 Worker[Gateway]:CLIENT: CLOSE INNER_CONNECTION

2014-09-29 11:03:42 Worker[Gateway]:CLIENT: CLOSE INNER_CONNECTION

2014-09-29 11:03:42 Worker[Gateway]:CLIENT: CLOSE INNER_CONNECTION

2014-09-29 11:03:42 Worker[Gateway]:CLIENT: CLOSE INNER_CONNECTION

2014-09-29 11:03:42 Worker[Gateway]:CLIENT: CLOSE INNER_CONNECTION

2014-09-29 11:03:42 Worker[Gateway]:CLIENT: CLOSE INNER_CONNECTION

2014-09-29 11:03:42 Worker[Gateway]:CLIENT: CLOSE INNER_CONNECTION

2014-09-29 11:03:42 Worker[Gateway]:CLIENT: CLOSE INNER_CONNECTION

2014-09-29 11:03:42 Worker[Gateway]:CLIENT: CLOSE INNER_CONNECTION

2014-09-29 11:03:42 Worker[Gateway]:CLIENT: CLOSE INNER_CONNECTION

2014-09-29 11:03:42 Worker[Gateway]:CLIENT: CLOSE INNER_CONNECTION

2014-09-29 11:03:42 Worker[Gateway]:CLIENT: CLOSE INNER_CONNECTION

2014-09-29 11:03:42 Worker[Gateway]:CLIENT: CLOSE INNER_CONNECTION

2014-09-29 11:03:42 Worker[Gateway]:CLIENT: CLOSE INNER_CONNECTION

2014-09-29 11:04:17 /data/test/workerman/workerman/applications/Demo/Bootstrap/Gateway.php updated and reload workers
2014-09-29 11:04:17 Worker[Gateway]:CLIENT: CLOSE INNER_CONNECTION

2014-09-29 11:04:17 Worker[Gateway]:CLIENT: CLOSE INNER_CONNECTION

2014-09-29 11:04:17 Worker[Gateway]:CLIENT: CLOSE INNER_CONNECTION

2014-09-29 11:04:17 Worker[Gateway]:CLIENT: CLOSE INNER_CONNECTION

2014-09-29 11:04:17 Worker[Gateway]:CLIENT: CLOSE INNER_CONNECTION

2014-09-29 11:04:17 Worker[Gateway]:CLIENT: CLOSE INNER_CONNECTION

2014-09-29 11:04:17 Worker[Gateway]:CLIENT: CLOSE INNER_CONNECTION

2014-09-29 11:04:17 Worker[Gateway]:CLIENT: CLOSE INNER_CONNECTION

2014-09-29 11:04:17 Worker[Gateway]:CLIENT: CLOSE INNER_CONNECTION

2014-09-29 11:04:17 Worker[Gateway]:CLIENT: CLOSE INNER_CONNECTION

2014-09-29 11:04:17 Worker[Gateway]:CLIENT: CLOSE INNER_CONNECTION

2014-09-29 11:04:17 Worker[Gateway]:CLIENT: CLOSE INNER_CONNECTION

2014-09-29 11:04:17 Worker[Gateway]:CLIENT: CLOSE INNER_CONNECTION

2014-09-29 11:04:17 Worker[Gateway]:CLIENT: CLOSE INNER_CONNECTION

2014-09-29 11:04:17 Worker[Gateway]:CLIENT: CLOSE INNER_CONNECTION

2014-09-29 11:04:17 Worker[Gateway]:CLIENT: CLOSE INNER_CONNECTION

2014-09-29 11:04:17 Worker[Gateway]:CLIENT: CLOSE INNER_CONNECTION

2014-09-29 11:04:17 Worker[Gateway]:CLIENT: CLOSE INNER_CONNECTION

2014-09-29 11:04:17 Worker[Gateway]:CLIENT: CLOSE INNER_CONNECTION

2014-09-29 11:04:17 Worker[Gateway]:CLIENT: CLOSE INNER_CONNECTION

2014-09-29 11:04:17 Worker[Gateway]:CLIENT: CLOSE INNER_CONNECTION

2014-09-29 11:04:17 Worker[Gateway]:CLIENT: CLOSE INNER_CONNECTION

2014-09-29 11:04:17 Worker[Gateway]:CLIENT: CLOSE INNER_CONNECTION

2014-09-29 11:04:17 Worker[Gateway]:CLIENT: CLOSE INNER_CONNECTION

2014-09-29 11:04:17 Worker[Gateway]:CLIENT: CLOSE INNER_CONNECTION

2014-09-29 11:04:52 /data/test/workerman/workerman/applications/Demo/Event.php updated and reload workers
2014-09-29 11:04:52 Worker[Gateway]:CLIENT: CLOSE INNER_CONNECTION

2014-09-29 11:04:52 Worker[Gateway]:CLIENT: CLOSE INNER_CONNECTION

2014-09-29 11:04:52 Worker[Gateway]:CLIENT: CLOSE INNER_CONNECTION

2014-09-29 11:04:52 Worker[Gateway]:CLIENT: CLOSE INNER_CONNECTION

2014-09-29 11:04:52 Worker[Gateway]:CLIENT: CLOSE INNER_CONNECTION

2014-09-29 11:04:52 Worker[Gateway]:CLIENT: CLOSE INNER_CONNECTION

2014-09-29 11:04:52 Worker[Gateway]:CLIENT: CLOSE INNER_CONNECTION

2014-09-29 11:04:52 Worker[Gateway]:CLIENT: CLOSE INNER_CONNECTION

2014-09-29 11:04:52 Worker[Gateway]:CLIENT: CLOSE INNER_CONNECTION

2014-09-29 11:04:52 Worker[Gateway]:CLIENT: CLOSE INNER_CONNECTION

2014-09-29 11:04:52 Worker[Gateway]:CLIENT: CLOSE INNER_CONNECTION

2014-09-29 11:04:52 Worker[Gateway]:CLIENT: CLOSE INNER_CONNECTION

2014-09-29 11:04:52 Worker[Gateway]:CLIENT: CLOSE INNER_CONNECTION

2014-09-29 11:04:52 Worker[Gateway]:CLIENT: CLOSE INNER_CONNECTION

2014-09-29 11:04:52 Worker[Gateway]:CLIENT: CLOSE INNER_CONNECTION

2014-09-29 11:04:52 Worker[Gateway]:CLIENT: CLOSE INNER_CONNECTION

2014-09-29 11:04:52 Worker[Gateway]:CLIENT: CLOSE INNER_CONNECTION

2014-09-29 11:04:52 Worker[Gateway]:CLIENT: CLOSE INNER_CONNECTION

2014-09-29 11:04:52 Worker[Gateway]:CLIENT: CLOSE INNER_CONNECTION

2014-09-29 11:04:52 Worker[Gateway]:CLIENT: CLOSE INNER_CONNECTION

2014-09-29 11:04:52 Worker[Gateway]:CLIENT: CLOSE INNER_CONNECTION

2014-09-29 11:04:52 Worker[Gateway]:CLIENT: CLOSE INNER_CONNECTION

2014-09-29 11:04:52 Worker[Gateway]:CLIENT: CLOSE INNER_CONNECTION

2014-09-29 11:04:52 Worker[Gateway]:CLIENT: CLOSE INNER_CONNECTION

2014-09-29 11:04:52 Worker[Gateway]:CLIENT: CLOSE INNER_CONNECTION

2014-09-29 11:05:15 /data/test/workerman/workerman/applications/Demo/Event.php updated and reload workers
2014-09-29 11:05:15 Worker[Gateway]:CLIENT: CLOSE INNER_CONNECTION

2014-09-29 11:05:15 Worker[Gateway]:CLIENT: CLOSE INNER_CONNECTION

2014-09-29 11:05:15 Worker[Gateway]:CLIENT: CLOSE INNER_CONNECTION

2014-09-29 11:05:15 Worker[Gateway]:CLIENT: CLOSE INNER_CONNECTION

2014-09-29 11:05:15 Worker[Gateway]:CLIENT: CLOSE INNER_CONNECTION

2014-09-29 11:05:15 Worker[Gateway]:CLIENT: CLOSE INNER_CONNECTION

2014-09-29 11:05:15 Worker[Gateway]:CLIENT: CLOSE INNER_CONNECTION

2014-09-29 11:05:15 Worker[Gateway]:CLIENT: CLOSE INNER_CONNECTION

2014-09-29 11:05:15 Worker[Gateway]:CLIENT: CLOSE INNER_CONNECTION

2014-09-29 11:05:15 Worker[Gateway]:CLIENT: CLOSE INNER_CONNECTION

2014-09-29 11:05:15 Worker[Gateway]:CLIENT: CLOSE INNER_CONNECTION

2014-09-29 11:05:15 Worker[Gateway]:CLIENT: CLOSE INNER_CONNECTION

2014-09-29 11:05:15 Worker[Gateway]:CLIENT: CLOSE INNER_CONNECTION

2014-09-29 11:05:15 Worker[Gateway]:CLIENT: CLOSE INNER_CONNECTION

2014-09-29 11:05:15 Worker[Gateway]:CLIENT: CLOSE INNER_CONNECTION

2014-09-29 11:05:15 Worker[Gateway]:CLIENT: CLOSE INNER_CONNECTION

2014-09-29 11:05:15 Worker[Gateway]:CLIENT: CLOSE INNER_CONNECTION

2014-09-29 11:05:15 Worker[Gateway]:CLIENT: CLOSE INNER_CONNECTION

2014-09-29 11:05:15 Worker[Gateway]:CLIENT: CLOSE INNER_CONNECTION

2014-09-29 11:05:15 Worker[Gateway]:CLIENT: CLOSE INNER_CONNECTION

2014-09-29 11:05:15 Worker[Gateway]:CLIENT: CLOSE INNER_CONNECTION

2014-09-29 11:05:15 Worker[Gateway]:CLIENT: CLOSE INNER_CONNECTION

2014-09-29 11:05:15 Worker[Gateway]:CLIENT: CLOSE INNER_CONNECTION

2014-09-29 11:05:15 Worker[Gateway]:CLIENT: CLOSE INNER_CONNECTION

2014-09-29 11:05:15 Worker[Gateway]:CLIENT: CLOSE INNER_CONNECTION

2014-09-29 11:06:41 /data/test/workerman/workerman/applications/Demo/Event.php updated and reload workers
2014-09-29 11:06:41 Worker[Gateway]:CLIENT: CLOSE INNER_CONNECTION

2014-09-29 11:06:41 Worker[Gateway]:CLIENT: CLOSE INNER_CONNECTION

2014-09-29 11:06:41 Worker[Gateway]:CLIENT: CLOSE INNER_CONNECTION

2014-09-29 11:06:41 Worker[Gateway]:CLIENT: CLOSE INNER_CONNECTION

2014-09-29 11:06:41 Worker[Gateway]:CLIENT: CLOSE INNER_CONNECTION

2014-09-29 11:06:41 Worker[Gateway]:CLIENT: CLOSE INNER_CONNECTION

2014-09-29 11:06:41 Worker[Gateway]:CLIENT: CLOSE INNER_CONNECTION

2014-09-29 11:06:41 Worker[Gateway]:CLIENT: CLOSE INNER_CONNECTION

2014-09-29 11:06:41 Worker[Gateway]:CLIENT: CLOSE INNER_CONNECTION

2014-09-29 11:06:41 Worker[Gateway]:CLIENT: CLOSE INNER_CONNECTION

2014-09-29 11:06:41 Worker[Gateway]:CLIENT: CLOSE INNER_CONNECTION

2014-09-29 11:06:41 Worker[Gateway]:CLIENT: CLOSE INNER_CONNECTION

2014-09-29 11:06:41 Worker[Gateway]:CLIENT: CLOSE INNER_CONNECTION

2014-09-29 11:06:41 Worker[Gateway]:CLIENT: CLOSE INNER_CONNECTION

2014-09-29 11:06:41 Worker[Gateway]:CLIENT: CLOSE INNER_CONNECTION

2014-09-29 11:06:41 Worker[Gateway]:CLIENT: CLOSE INNER_CONNECTION

2014-09-29 11:06:41 Worker[Gateway]:CLIENT: CLOSE INNER_CONNECTION

2014-09-29 11:06:41 Worker[Gateway]:CLIENT: CLOSE INNER_CONNECTION

2014-09-29 11:06:41 Worker[Gateway]:CLIENT: CLOSE INNER_CONNECTION

2014-09-29 11:06:41 Worker[Gateway]:CLIENT: CLOSE INNER_CONNECTION

2014-09-29 11:06:41 Worker[Gateway]:CLIENT: CLOSE INNER_CONNECTION

2014-09-29 11:06:42 Worker[Gateway]:CLIENT: CLOSE INNER_CONNECTION

2014-09-29 11:06:42 Worker[Gateway]:CLIENT: CLOSE INNER_CONNECTION

2014-09-29 11:06:42 Worker[Gateway]:CLIENT: CLOSE INNER_CONNECTION

2014-09-29 11:06:42 Worker[Gateway]:CLIENT: CLOSE INNER_CONNECTION

2014-09-29 11:06:57 /data/test/workerman/workerman/applications/Demo/Bootstrap/BusinessWorker.php updated and reload workers
2014-09-29 11:06:57 Worker[Gateway]:CLIENT: CLOSE INNER_CONNECTION

2014-09-29 11:06:57 Worker[Gateway]:CLIENT: CLOSE INNER_CONNECTION

2014-09-29 11:06:57 Worker[Gateway]:CLIENT: CLOSE INNER_CONNECTION

2014-09-29 11:06:57 Worker[Gateway]:CLIENT: CLOSE INNER_CONNECTION

2014-09-29 11:06:57 Worker[Gateway]:CLIENT: CLOSE INNER_CONNECTION

2014-09-29 11:06:57 Worker[Gateway]:CLIENT: CLOSE INNER_CONNECTION

2014-09-29 11:06:57 Worker[Gateway]:CLIENT: CLOSE INNER_CONNECTION

2014-09-29 11:06:57 Worker[Gateway]:CLIENT: CLOSE INNER_CONNECTION

2014-09-29 11:06:57 Worker[Gateway]:CLIENT: CLOSE INNER_CONNECTION

2014-09-29 11:06:57 Worker[Gateway]:CLIENT: CLOSE INNER_CONNECTION

2014-09-29 11:06:57 Worker[Gateway]:CLIENT: CLOSE INNER_CONNECTION

2014-09-29 11:06:57 Worker[Gateway]:CLIENT: CLOSE INNER_CONNECTION

2014-09-29 11:06:57 Worker[Gateway]:CLIENT: CLOSE INNER_CONNECTION

2014-09-29 11:06:57 Worker[Gateway]:CLIENT: CLOSE INNER_CONNECTION

2014-09-29 11:06:57 Worker[Gateway]:CLIENT: CLOSE INNER_CONNECTION

2014-09-29 11:06:57 Worker[Gateway]:CLIENT: CLOSE INNER_CONNECTION

2014-09-29 11:06:57 Worker[Gateway]:CLIENT: CLOSE INNER_CONNECTION

2014-09-29 11:06:57 Worker[Gateway]:CLIENT: CLOSE INNER_CONNECTION

2014-09-29 11:06:57 Worker[Gateway]:CLIENT: CLOSE INNER_CONNECTION

2014-09-29 11:06:57 Worker[Gateway]:CLIENT: CLOSE INNER_CONNECTION

2014-09-29 11:06:57 Worker[Gateway]:CLIENT: CLOSE INNER_CONNECTION

2014-09-29 11:06:57 Worker[Gateway]:CLIENT: CLOSE INNER_CONNECTION

2014-09-29 11:06:57 Worker[Gateway]:CLIENT: CLOSE INNER_CONNECTION

2014-09-29 11:06:57 Worker[Gateway]:CLIENT: CLOSE INNER_CONNECTION

2014-09-29 11:06:57 Worker[Gateway]:CLIENT: CLOSE INNER_CONNECTION

2014-09-29 11:24:51 /data/test/workerman/workerman/applications/Demo/Event.php updated and reload workers
2014-09-29 11:24:51 Worker[Gateway]:CLIENT: CLOSE INNER_CONNECTION

2014-09-29 11:24:51 Worker[Gateway]:CLIENT: CLOSE INNER_CONNECTION

2014-09-29 11:24:51 Worker[Gateway]:CLIENT: CLOSE INNER_CONNECTION

2014-09-29 11:24:51 Worker[Gateway]:CLIENT: CLOSE INNER_CONNECTION

2014-09-29 11:24:51 Worker[Gateway]:CLIENT: CLOSE INNER_CONNECTION

2014-09-29 11:24:51 Worker[Gateway]:CLIENT: CLOSE INNER_CONNECTION

2014-09-29 11:24:51 Worker[Gateway]:CLIENT: CLOSE INNER_CONNECTION

2014-09-29 11:24:51 Worker[Gateway]:CLIENT: CLOSE INNER_CONNECTION

2014-09-29 11:24:51 Worker[Gateway]:CLIENT: CLOSE INNER_CONNECTION

2014-09-29 11:24:51 Worker[Gateway]:CLIENT: CLOSE INNER_CONNECTION

2014-09-29 11:24:51 Worker[Gateway]:CLIENT: CLOSE INNER_CONNECTION

2014-09-29 11:24:51 Worker[Gateway]:CLIENT: CLOSE INNER_CONNECTION

2014-09-29 11:24:51 Worker[Gateway]:CLIENT: CLOSE INNER_CONNECTION

2014-09-29 11:24:51 Worker[Gateway]:CLIENT: CLOSE INNER_CONNECTION

2014-09-29 11:24:51 Worker[Gateway]:CLIENT: CLOSE INNER_CONNECTION

2014-09-29 11:24:51 Worker[Gateway]:CLIENT: CLOSE INNER_CONNECTION

2014-09-29 11:24:51 Worker[Gateway]:CLIENT: CLOSE INNER_CONNECTION

2014-09-29 11:24:51 Worker[Gateway]:CLIENT: CLOSE INNER_CONNECTION

2014-09-29 11:24:51 Worker[Gateway]:CLIENT: CLOSE INNER_CONNECTION

2014-09-29 11:24:51 Worker[Gateway]:CLIENT: CLOSE INNER_CONNECTION

2014-09-29 11:24:51 Worker[Gateway]:CLIENT: CLOSE INNER_CONNECTION

2014-09-29 11:24:51 Worker[Gateway]:CLIENT: CLOSE INNER_CONNECTION

2014-09-29 11:24:51 Worker[Gateway]:CLIENT: CLOSE INNER_CONNECTION

2014-09-29 11:24:51 Worker[Gateway]:CLIENT: CLOSE INNER_CONNECTION

2014-09-29 11:24:51 Worker[Gateway]:CLIENT: CLOSE INNER_CONNECTION

2014-09-29 11:28:12 /data/test/workerman/workerman/applications/Demo/Event.php updated and reload workers
2014-09-29 11:28:12 Worker[Gateway]:CLIENT: CLOSE INNER_CONNECTION

2014-09-29 11:28:12 Worker[Gateway]:CLIENT: CLOSE INNER_CONNECTION

2014-09-29 11:28:12 Worker[Gateway]:CLIENT: CLOSE INNER_CONNECTION

2014-09-29 11:28:12 Worker[Gateway]:CLIENT: CLOSE INNER_CONNECTION

2014-09-29 11:28:12 Worker[Gateway]:CLIENT: CLOSE INNER_CONNECTION

2014-09-29 11:28:12 Worker[Gateway]:CLIENT: CLOSE INNER_CONNECTION

2014-09-29 11:28:12 Worker[Gateway]:CLIENT: CLOSE INNER_CONNECTION

2014-09-29 11:28:12 Worker[Gateway]:CLIENT: CLOSE INNER_CONNECTION

2014-09-29 11:28:12 Worker[Gateway]:CLIENT: CLOSE INNER_CONNECTION

2014-09-29 11:28:12 Worker[Gateway]:CLIENT: CLOSE INNER_CONNECTION

2014-09-29 11:28:12 Worker[Gateway]:CLIENT: CLOSE INNER_CONNECTION

2014-09-29 11:28:12 Worker[Gateway]:CLIENT: CLOSE INNER_CONNECTION

2014-09-29 11:28:12 Worker[Gateway]:CLIENT: CLOSE INNER_CONNECTION

2014-09-29 11:28:12 Worker[Gateway]:CLIENT: CLOSE INNER_CONNECTION

2014-09-29 11:28:12 Worker[Gateway]:CLIENT: CLOSE INNER_CONNECTION

2014-09-29 11:28:12 Worker[Gateway]:CLIENT: CLOSE INNER_CONNECTION

2014-09-29 11:28:12 Worker[Gateway]:CLIENT: CLOSE INNER_CONNECTION

2014-09-29 11:28:12 Worker[Gateway]:CLIENT: CLOSE INNER_CONNECTION

2014-09-29 11:28:12 Worker[Gateway]:CLIENT: CLOSE INNER_CONNECTION

2014-09-29 11:28:12 Worker[Gateway]:CLIENT: CLOSE INNER_CONNECTION

2014-09-29 11:28:12 Worker[Gateway]:CLIENT: CLOSE INNER_CONNECTION

2014-09-29 11:28:12 Worker[Gateway]:CLIENT: CLOSE INNER_CONNECTION

2014-09-29 11:28:12 Worker[Gateway]:CLIENT: CLOSE INNER_CONNECTION

2014-09-29 11:28:12 Worker[Gateway]:CLIENT: CLOSE INNER_CONNECTION

2014-09-29 11:28:12 Worker[Gateway]:CLIENT: CLOSE INNER_CONNECTION

2014-09-29 11:28:40 /data/test/workerman/workerman/applications/Demo/Event.php updated and reload workers
2014-09-29 11:28:40 Worker[Gateway]:CLIENT: CLOSE INNER_CONNECTION

2014-09-29 11:28:40 Worker[Gateway]:CLIENT: CLOSE INNER_CONNECTION

2014-09-29 11:28:40 Worker[Gateway]:CLIENT: CLOSE INNER_CONNECTION

2014-09-29 11:28:40 Worker[Gateway]:CLIENT: CLOSE INNER_CONNECTION

2014-09-29 11:28:40 Worker[Gateway]:CLIENT: CLOSE INNER_CONNECTION

2014-09-29 11:28:40 Worker[Gateway]:CLIENT: CLOSE INNER_CONNECTION

2014-09-29 11:28:40 Worker[Gateway]:CLIENT: CLOSE INNER_CONNECTION

2014-09-29 11:28:40 Worker[Gateway]:CLIENT: CLOSE INNER_CONNECTION

2014-09-29 11:28:40 Worker[Gateway]:CLIENT: CLOSE INNER_CONNECTION

2014-09-29 11:28:40 Worker[Gateway]:CLIENT: CLOSE INNER_CONNECTION

2014-09-29 11:28:40 Worker[Gateway]:CLIENT: CLOSE INNER_CONNECTION

2014-09-29 11:28:40 Worker[Gateway]:CLIENT: CLOSE INNER_CONNECTION

2014-09-29 11:28:40 Worker[Gateway]:CLIENT: CLOSE INNER_CONNECTION

2014-09-29 11:28:40 Worker[Gateway]:CLIENT: CLOSE INNER_CONNECTION

2014-09-29 11:28:40 Worker[Gateway]:CLIENT: CLOSE INNER_CONNECTION

2014-09-29 11:28:40 Worker[Gateway]:CLIENT: CLOSE INNER_CONNECTION

2014-09-29 11:28:40 Worker[Gateway]:CLIENT: CLOSE INNER_CONNECTION

2014-09-29 11:28:40 Worker[Gateway]:CLIENT: CLOSE INNER_CONNECTION

2014-09-29 11:28:40 Worker[Gateway]:CLIENT: CLOSE INNER_CONNECTION

2014-09-29 11:28:40 Worker[Gateway]:CLIENT: CLOSE INNER_CONNECTION

2014-09-29 11:28:40 Worker[Gateway]:CLIENT: CLOSE INNER_CONNECTION

2014-09-29 11:28:40 Worker[Gateway]:CLIENT: CLOSE INNER_CONNECTION

2014-09-29 11:28:40 Worker[Gateway]:CLIENT: CLOSE INNER_CONNECTION

2014-09-29 11:28:40 Worker[Gateway]:CLIENT: CLOSE INNER_CONNECTION

2014-09-29 11:28:40 Worker[Gateway]:CLIENT: CLOSE INNER_CONNECTION

2014-09-29 11:29:24 /data/test/workerman/workerman/applications/Demo/Event.php updated and reload workers
2014-09-29 11:29:24 Worker[Gateway]:CLIENT: CLOSE INNER_CONNECTION

2014-09-29 11:29:24 Worker[Gateway]:CLIENT: CLOSE INNER_CONNECTION

2014-09-29 11:29:24 Worker[Gateway]:CLIENT: CLOSE INNER_CONNECTION

2014-09-29 11:29:24 Worker[Gateway]:CLIENT: CLOSE INNER_CONNECTION

2014-09-29 11:29:24 Worker[Gateway]:CLIENT: CLOSE INNER_CONNECTION

2014-09-29 11:29:24 Worker[Gateway]:CLIENT: CLOSE INNER_CONNECTION

2014-09-29 11:29:24 Worker[Gateway]:CLIENT: CLOSE INNER_CONNECTION

2014-09-29 11:29:24 Worker[Gateway]:CLIENT: CLOSE INNER_CONNECTION

2014-09-29 11:29:24 Worker[Gateway]:CLIENT: CLOSE INNER_CONNECTION

2014-09-29 11:29:24 Worker[Gateway]:CLIENT: CLOSE INNER_CONNECTION

2014-09-29 11:29:24 Worker[Gateway]:CLIENT: CLOSE INNER_CONNECTION

2014-09-29 11:29:24 Worker[Gateway]:CLIENT: CLOSE INNER_CONNECTION

2014-09-29 11:29:24 Worker[Gateway]:CLIENT: CLOSE INNER_CONNECTION

2014-09-29 11:29:24 Worker[Gateway]:CLIENT: CLOSE INNER_CONNECTION

2014-09-29 11:29:24 Worker[Gateway]:CLIENT: CLOSE INNER_CONNECTION

2014-09-29 11:29:24 Worker[Gateway]:CLIENT: CLOSE INNER_CONNECTION

2014-09-29 11:29:24 Worker[Gateway]:CLIENT: CLOSE INNER_CONNECTION

2014-09-29 11:29:24 Worker[Gateway]:CLIENT: CLOSE INNER_CONNECTION

2014-09-29 11:29:24 Worker[Gateway]:CLIENT: CLOSE INNER_CONNECTION

2014-09-29 11:29:24 Worker[Gateway]:CLIENT: CLOSE INNER_CONNECTION

2014-09-29 11:29:24 Worker[Gateway]:CLIENT: CLOSE INNER_CONNECTION

2014-09-29 11:29:24 Worker[Gateway]:CLIENT: CLOSE INNER_CONNECTION

2014-09-29 11:29:24 Worker[Gateway]:CLIENT: CLOSE INNER_CONNECTION

2014-09-29 11:29:24 Worker[Gateway]:CLIENT: CLOSE INNER_CONNECTION

2014-09-29 11:29:24 Worker[Gateway]:CLIENT: CLOSE INNER_CONNECTION

2014-09-29 11:29:58 /data/test/workerman/workerman/applications/Demo/Bootstrap/BusinessWorker.php updated and reload workers
2014-09-29 11:29:58 Worker[Gateway]:CLIENT: CLOSE INNER_CONNECTION

2014-09-29 11:29:58 Worker[Gateway]:CLIENT: CLOSE INNER_CONNECTION

2014-09-29 11:29:58 Worker[Gateway]:CLIENT: CLOSE INNER_CONNECTION

2014-09-29 11:29:58 Worker[Gateway]:CLIENT: CLOSE INNER_CONNECTION

2014-09-29 11:29:58 Worker[Gateway]:CLIENT: CLOSE INNER_CONNECTION

2014-09-29 11:29:58 Worker[Gateway]:CLIENT: CLOSE INNER_CONNECTION

2014-09-29 11:29:58 Worker[Gateway]:CLIENT: CLOSE INNER_CONNECTION

2014-09-29 11:29:58 Worker[Gateway]:CLIENT: CLOSE INNER_CONNECTION

2014-09-29 11:29:58 Worker[Gateway]:CLIENT: CLOSE INNER_CONNECTION

2014-09-29 11:29:58 Worker[Gateway]:CLIENT: CLOSE INNER_CONNECTION

2014-09-29 11:29:58 Worker[Gateway]:CLIENT: CLOSE INNER_CONNECTION

2014-09-29 11:29:58 Worker[Gateway]:CLIENT: CLOSE INNER_CONNECTION

2014-09-29 11:29:58 Worker[Gateway]:CLIENT: CLOSE INNER_CONNECTION

2014-09-29 11:29:58 Worker[Gateway]:CLIENT: CLOSE INNER_CONNECTION

2014-09-29 11:29:58 Worker[Gateway]:CLIENT: CLOSE INNER_CONNECTION

2014-09-29 11:29:58 Worker[Gateway]:CLIENT: CLOSE INNER_CONNECTION

2014-09-29 11:29:58 Worker[Gateway]:CLIENT: CLOSE INNER_CONNECTION

2014-09-29 11:29:58 Worker[Gateway]:CLIENT: CLOSE INNER_CONNECTION

2014-09-29 11:29:58 Worker[Gateway]:CLIENT: CLOSE INNER_CONNECTION

2014-09-29 11:29:58 Worker[Gateway]:CLIENT: CLOSE INNER_CONNECTION

2014-09-29 11:29:58 Worker[Gateway]:CLIENT: CLOSE INNER_CONNECTION

2014-09-29 11:29:58 Worker[Gateway]:CLIENT: CLOSE INNER_CONNECTION

2014-09-29 11:29:58 Worker[Gateway]:CLIENT: CLOSE INNER_CONNECTION

2014-09-29 11:29:58 Worker[Gateway]:CLIENT: CLOSE INNER_CONNECTION

2014-09-29 11:29:58 Worker[Gateway]:CLIENT: CLOSE INNER_CONNECTION

2014-09-29 11:38:36 /data/test/workerman/workerman/applications/Demo/Bootstrap/Gateway.php updated and reload workers
2014-09-29 11:38:36 Worker[Gateway]:CLIENT: CLOSE INNER_CONNECTION

2014-09-29 11:38:36 Worker[Gateway]:CLIENT: CLOSE INNER_CONNECTION

2014-09-29 11:38:36 Worker[Gateway]:CLIENT: CLOSE INNER_CONNECTION

2014-09-29 11:38:36 Worker[Gateway]:CLIENT: CLOSE INNER_CONNECTION

2014-09-29 11:38:36 Worker[Gateway]:CLIENT: CLOSE INNER_CONNECTION

2014-09-29 11:38:36 Worker[Gateway]:CLIENT: CLOSE INNER_CONNECTION

2014-09-29 11:38:36 Worker[Gateway]:CLIENT: CLOSE INNER_CONNECTION

2014-09-29 11:38:36 Worker[Gateway]:CLIENT: CLOSE INNER_CONNECTION

2014-09-29 11:38:36 Worker[Gateway]:CLIENT: CLOSE INNER_CONNECTION

2014-09-29 11:38:36 Worker[Gateway]:CLIENT: CLOSE INNER_CONNECTION

2014-09-29 11:38:36 Worker[Gateway]:CLIENT: CLOSE INNER_CONNECTION

2014-09-29 11:38:36 Worker[Gateway]:CLIENT: CLOSE INNER_CONNECTION

2014-09-29 11:38:36 Worker[Gateway]:CLIENT: CLOSE INNER_CONNECTION

2014-09-29 11:38:36 Worker[Gateway]:CLIENT: CLOSE INNER_CONNECTION

2014-09-29 11:38:36 Worker[Gateway]:CLIENT: CLOSE INNER_CONNECTION

2014-09-29 11:38:36 Worker[Gateway]:CLIENT: CLOSE INNER_CONNECTION

2014-09-29 11:38:36 Worker[Gateway]:CLIENT: CLOSE INNER_CONNECTION

2014-09-29 11:38:36 Worker[Gateway]:CLIENT: CLOSE INNER_CONNECTION

2014-09-29 11:38:36 Worker[Gateway]:CLIENT: CLOSE INNER_CONNECTION

2014-09-29 11:38:36 Worker[Gateway]:CLIENT: CLOSE INNER_CONNECTION

2014-09-29 11:38:36 Worker[Gateway]:CLIENT: CLOSE INNER_CONNECTION

2014-09-29 11:38:36 Worker[Gateway]:CLIENT: CLOSE INNER_CONNECTION

2014-09-29 11:38:36 Worker[Gateway]:CLIENT: CLOSE INNER_CONNECTION

2014-09-29 11:38:36 Worker[Gateway]:CLIENT: CLOSE INNER_CONNECTION

2014-09-29 11:38:36 Worker[Gateway]:CLIENT: CLOSE INNER_CONNECTION

2014-09-29 11:38:43 /data/test/workerman/workerman/applications/Demo/Event.php updated and reload workers
2014-09-29 11:38:43 Worker[Gateway]:CLIENT: CLOSE INNER_CONNECTION

2014-09-29 11:38:43 Worker[Gateway]:CLIENT: CLOSE INNER_CONNECTION

2014-09-29 11:38:43 Worker[Gateway]:CLIENT: CLOSE INNER_CONNECTION

2014-09-29 11:38:43 Worker[Gateway]:CLIENT: CLOSE INNER_CONNECTION

2014-09-29 11:38:43 Worker[Gateway]:CLIENT: CLOSE INNER_CONNECTION

2014-09-29 11:38:43 Worker[Gateway]:CLIENT: CLOSE INNER_CONNECTION

2014-09-29 11:38:43 Worker[Gateway]:CLIENT: CLOSE INNER_CONNECTION

2014-09-29 11:38:43 Worker[Gateway]:CLIENT: CLOSE INNER_CONNECTION

2014-09-29 11:38:43 Worker[Gateway]:CLIENT: CLOSE INNER_CONNECTION

2014-09-29 11:38:43 Worker[Gateway]:CLIENT: CLOSE INNER_CONNECTION

2014-09-29 11:38:43 Worker[Gateway]:CLIENT: CLOSE INNER_CONNECTION

2014-09-29 11:38:43 Worker[Gateway]:CLIENT: CLOSE INNER_CONNECTION

2014-09-29 11:38:43 Worker[Gateway]:CLIENT: CLOSE INNER_CONNECTION

2014-09-29 11:38:43 Worker[Gateway]:CLIENT: CLOSE INNER_CONNECTION

2014-09-29 11:38:43 Worker[Gateway]:CLIENT: CLOSE INNER_CONNECTION

2014-09-29 11:38:43 Worker[Gateway]:CLIENT: CLOSE INNER_CONNECTION

2014-09-29 11:38:43 Worker[Gateway]:CLIENT: CLOSE INNER_CONNECTION

2014-09-29 11:38:43 Worker[Gateway]:CLIENT: CLOSE INNER_CONNECTION

2014-09-29 11:38:43 Worker[Gateway]:CLIENT: CLOSE INNER_CONNECTION

2014-09-29 11:38:43 Worker[Gateway]:CLIENT: CLOSE INNER_CONNECTION

2014-09-29 11:38:43 Worker[Gateway]:CLIENT: CLOSE INNER_CONNECTION

2014-09-29 11:38:43 Worker[Gateway]:CLIENT: CLOSE INNER_CONNECTION

2014-09-29 11:38:43 Worker[Gateway]:CLIENT: CLOSE INNER_CONNECTION

2014-09-29 11:38:43 Worker[Gateway]:CLIENT: CLOSE INNER_CONNECTION

2014-09-29 11:38:43 Worker[Gateway]:CLIENT: CLOSE INNER_CONNECTION

2014-09-29 11:39:21 /data/test/workerman/workerman/applications/Demo/Bootstrap/Gateway.php updated and reload workers
2014-09-29 11:39:21 Worker[Gateway]:CLIENT: CLOSE INNER_CONNECTION

2014-09-29 11:39:21 Worker[Gateway]:CLIENT: CLOSE INNER_CONNECTION

2014-09-29 11:39:21 Worker[Gateway]:CLIENT: CLOSE INNER_CONNECTION

2014-09-29 11:39:21 Worker[Gateway]:CLIENT: CLOSE INNER_CONNECTION

2014-09-29 11:39:21 Worker[Gateway]:CLIENT: CLOSE INNER_CONNECTION

2014-09-29 11:39:21 Worker[Gateway]:CLIENT: CLOSE INNER_CONNECTION

2014-09-29 11:39:21 Worker[Gateway]:CLIENT: CLOSE INNER_CONNECTION

2014-09-29 11:39:21 Worker[Gateway]:CLIENT: CLOSE INNER_CONNECTION

2014-09-29 11:39:21 Worker[Gateway]:CLIENT: CLOSE INNER_CONNECTION

2014-09-29 11:39:21 Worker[Gateway]:CLIENT: CLOSE INNER_CONNECTION

2014-09-29 11:39:21 Worker[Gateway]:CLIENT: CLOSE INNER_CONNECTION

2014-09-29 11:39:21 Worker[Gateway]:CLIENT: CLOSE INNER_CONNECTION

2014-09-29 11:39:21 Worker[Gateway]:CLIENT: CLOSE INNER_CONNECTION

2014-09-29 11:39:21 Worker[Gateway]:CLIENT: CLOSE INNER_CONNECTION

2014-09-29 11:39:21 Worker[Gateway]:CLIENT: CLOSE INNER_CONNECTION

2014-09-29 11:39:21 Worker[Gateway]:CLIENT: CLOSE INNER_CONNECTION

2014-09-29 11:39:21 Worker[Gateway]:CLIENT: CLOSE INNER_CONNECTION

2014-09-29 11:39:21 Worker[Gateway]:CLIENT: CLOSE INNER_CONNECTION

2014-09-29 11:39:21 Worker[Gateway]:CLIENT: CLOSE INNER_CONNECTION

2014-09-29 11:39:21 Worker[Gateway]:CLIENT: CLOSE INNER_CONNECTION

2014-09-29 11:39:21 Worker[Gateway]:CLIENT: CLOSE INNER_CONNECTION

2014-09-29 11:39:21 Worker[Gateway]:CLIENT: CLOSE INNER_CONNECTION

2014-09-29 11:39:21 Worker[Gateway]:CLIENT: CLOSE INNER_CONNECTION

2014-09-29 11:39:21 Worker[Gateway]:CLIENT: CLOSE INNER_CONNECTION

2014-09-29 11:39:21 Worker[Gateway]:CLIENT: CLOSE INNER_CONNECTION

2014-09-29 11:39:27 /data/test/workerman/workerman/applications/Demo/Bootstrap/Gateway.php updated and reload workers
2014-09-29 11:39:27 Worker[Gateway]:CLIENT: CLOSE INNER_CONNECTION

2014-09-29 11:39:27 Worker[Gateway]:CLIENT: CLOSE INNER_CONNECTION

2014-09-29 11:39:27 Worker[Gateway]:CLIENT: CLOSE INNER_CONNECTION

2014-09-29 11:39:27 Worker[Gateway]:CLIENT: CLOSE INNER_CONNECTION

2014-09-29 11:39:27 Worker[Gateway]:CLIENT: CLOSE INNER_CONNECTION

2014-09-29 11:39:27 Worker[Gateway]:CLIENT: CLOSE INNER_CONNECTION

2014-09-29 11:39:27 Worker[Gateway]:CLIENT: CLOSE INNER_CONNECTION

2014-09-29 11:39:27 Worker[Gateway]:CLIENT: CLOSE INNER_CONNECTION

2014-09-29 11:39:27 Worker[Gateway]:CLIENT: CLOSE INNER_CONNECTION

2014-09-29 11:39:27 Worker[Gateway]:CLIENT: CLOSE INNER_CONNECTION

2014-09-29 11:39:27 Worker[Gateway]:CLIENT: CLOSE INNER_CONNECTION

2014-09-29 11:39:27 Worker[Gateway]:CLIENT: CLOSE INNER_CONNECTION

2014-09-29 11:39:27 Worker[Gateway]:CLIENT: CLOSE INNER_CONNECTION

2014-09-29 11:39:27 Worker[Gateway]:CLIENT: CLOSE INNER_CONNECTION

2014-09-29 11:39:27 Worker[Gateway]:CLIENT: CLOSE INNER_CONNECTION

2014-09-29 11:39:27 Worker[Gateway]:CLIENT: CLOSE INNER_CONNECTION

2014-09-29 11:39:27 Worker[Gateway]:CLIENT: CLOSE INNER_CONNECTION

2014-09-29 11:39:27 Worker[Gateway]:CLIENT: CLOSE INNER_CONNECTION

2014-09-29 11:39:27 Worker[Gateway]:CLIENT: CLOSE INNER_CONNECTION

2014-09-29 11:39:27 Worker[Gateway]:CLIENT: CLOSE INNER_CONNECTION

2014-09-29 11:39:27 Worker[Gateway]:CLIENT: CLOSE INNER_CONNECTION

2014-09-29 11:39:27 Worker[Gateway]:CLIENT: CLOSE INNER_CONNECTION

2014-09-29 11:39:27 Worker[Gateway]:CLIENT: CLOSE INNER_CONNECTION

2014-09-29 11:39:27 Worker[Gateway]:CLIENT: CLOSE INNER_CONNECTION

2014-09-29 11:39:27 Worker[Gateway]:CLIENT: CLOSE INNER_CONNECTION

2014-09-29 11:39:45 Server:Workerman is shutting down
2014-09-29 11:39:45 Worker[Gateway]:CLIENT: CLOSE INNER_CONNECTION

2014-09-29 11:39:45 Worker[Gateway]:CLIENT: CLOSE INNER_CONNECTION

2014-09-29 11:39:45 Worker[Gateway]:CLIENT: CLOSE INNER_CONNECTION

2014-09-29 11:39:45 Worker[Gateway]:CLIENT: CLOSE INNER_CONNECTION

2014-09-29 11:39:45 Worker[Gateway]:CLIENT: CLOSE INNER_CONNECTION

2014-09-29 11:39:45 Worker[Gateway]:CLIENT: CLOSE INNER_CONNECTION

2014-09-29 11:39:45 Worker[Gateway]:CLIENT: CLOSE INNER_CONNECTION

2014-09-29 11:39:45 Worker[Gateway]:CLIENT: CLOSE INNER_CONNECTION

2014-09-29 11:39:45 Worker[Gateway]:CLIENT: CLOSE INNER_CONNECTION

2014-09-29 11:39:45 Worker[Gateway]:CLIENT: CLOSE INNER_CONNECTION

2014-09-29 11:39:45 Worker[Gateway]:CLIENT: CLOSE INNER_CONNECTION

2014-09-29 11:39:48 Server:Workerman stoped
2014-09-29 11:39:48 Server:Workerman is starting ...
2014-09-29 11:39:48 Server:[1A
[KWorkerman start success ...[0m
2014-09-29 11:40:08 /data/test/workerman/workerman/applications/Demo/Bootstrap/Gateway.php updated and reload workers
2014-09-29 11:40:08 Worker[Gateway]:CLIENT: CLOSE INNER_CONNECTION

2014-09-29 11:40:08 Worker[Gateway]:CLIENT: CLOSE INNER_CONNECTION

2014-09-29 11:40:08 Worker[Gateway]:CLIENT: CLOSE INNER_CONNECTION

2014-09-29 11:40:08 Worker[Gateway]:CLIENT: CLOSE INNER_CONNECTION

2014-09-29 11:40:08 Worker[Gateway]:CLIENT: CLOSE INNER_CONNECTION

2014-09-29 11:40:08 Worker[Gateway]:CLIENT: CLOSE INNER_CONNECTION

2014-09-29 11:40:08 Worker[Gateway]:CLIENT: CLOSE INNER_CONNECTION

2014-09-29 11:40:08 Worker[Gateway]:CLIENT: CLOSE INNER_CONNECTION

2014-09-29 11:40:08 Worker[Gateway]:CLIENT: CLOSE INNER_CONNECTION

2014-09-29 11:40:08 Worker[Gateway]:CLIENT: CLOSE INNER_CONNECTION

2014-09-29 11:40:08 Worker[Gateway]:CLIENT: CLOSE INNER_CONNECTION

2014-09-29 11:40:08 Worker[Gateway]:CLIENT: CLOSE INNER_CONNECTION

2014-09-29 11:40:08 Worker[Gateway]:CLIENT: CLOSE INNER_CONNECTION

2014-09-29 11:40:08 Worker[Gateway]:CLIENT: CLOSE INNER_CONNECTION

2014-09-29 11:40:08 Worker[Gateway]:CLIENT: CLOSE INNER_CONNECTION

2014-09-29 11:40:08 Worker[Gateway]:CLIENT: CLOSE INNER_CONNECTION

2014-09-29 11:40:08 Worker[Gateway]:CLIENT: CLOSE INNER_CONNECTION

2014-09-29 11:40:08 Worker[Gateway]:CLIENT: CLOSE INNER_CONNECTION

2014-09-29 11:40:08 Worker[Gateway]:CLIENT: CLOSE INNER_CONNECTION

2014-09-29 11:40:08 Worker[Gateway]:CLIENT: CLOSE INNER_CONNECTION

2014-09-29 11:40:08 Worker[Gateway]:CLIENT: CLOSE INNER_CONNECTION

2014-09-29 11:40:08 Worker[Gateway]:CLIENT: CLOSE INNER_CONNECTION

2014-09-29 11:40:08 Worker[Gateway]:CLIENT: CLOSE INNER_CONNECTION

2014-09-29 11:40:08 Worker[Gateway]:CLIENT: CLOSE INNER_CONNECTION

2014-09-29 11:40:08 Worker[Gateway]:CLIENT: CLOSE INNER_CONNECTION

2014-09-29 11:40:12 /data/test/workerman/workerman/workerman/Core/SocketWorker.php updated and reload workers
2014-09-29 11:40:12 Worker[Gateway]:CLIENT: CLOSE INNER_CONNECTION

2014-09-29 11:40:12 Worker[Gateway]:CLIENT: CLOSE INNER_CONNECTION

2014-09-29 11:40:12 Worker[Gateway]:CLIENT: CLOSE INNER_CONNECTION

2014-09-29 11:40:12 Worker[Gateway]:CLIENT: CLOSE INNER_CONNECTION

2014-09-29 11:40:12 Worker[Gateway]:CLIENT: CLOSE INNER_CONNECTION

2014-09-29 11:40:12 Worker[Gateway]:CLIENT: CLOSE INNER_CONNECTION

2014-09-29 11:40:12 Worker[Gateway]:CLIENT: CLOSE INNER_CONNECTION

2014-09-29 11:40:12 Worker[Gateway]:CLIENT: CLOSE INNER_CONNECTION

2014-09-29 11:40:12 Worker[Gateway]:CLIENT: CLOSE INNER_CONNECTION

2014-09-29 11:40:12 Worker[Gateway]:CLIENT: CLOSE INNER_CONNECTION

2014-09-29 11:40:12 Worker[Gateway]:CLIENT: CLOSE INNER_CONNECTION

2014-09-29 11:40:12 Worker[Gateway]:CLIENT: CLOSE INNER_CONNECTION

2014-09-29 11:40:12 Worker[Gateway]:CLIENT: CLOSE INNER_CONNECTION

2014-09-29 11:40:12 Worker[Gateway]:CLIENT: CLOSE INNER_CONNECTION

2014-09-29 11:40:12 Worker[Gateway]:CLIENT: CLOSE INNER_CONNECTION

2014-09-29 11:40:12 Worker[Gateway]:CLIENT: CLOSE INNER_CONNECTION

2014-09-29 11:40:12 Worker[Gateway]:CLIENT: CLOSE INNER_CONNECTION

2014-09-29 11:40:12 Worker[Gateway]:CLIENT: CLOSE INNER_CONNECTION

2014-09-29 11:40:12 Worker[Gateway]:CLIENT: CLOSE INNER_CONNECTION

2014-09-29 11:40:12 Worker[Gateway]:CLIENT: CLOSE INNER_CONNECTION

2014-09-29 11:40:12 Worker[Gateway]:CLIENT: CLOSE INNER_CONNECTION

2014-09-29 11:40:12 Worker[Gateway]:CLIENT: CLOSE INNER_CONNECTION

2014-09-29 11:40:12 Worker[Gateway]:CLIENT: CLOSE INNER_CONNECTION

2014-09-29 11:40:12 Worker[Gateway]:CLIENT: CLOSE INNER_CONNECTION

2014-09-29 11:40:12 Worker[Gateway]:CLIENT: CLOSE INNER_CONNECTION

2014-09-29 11:40:19 /data/test/workerman/workerman/workerman/Core/SocketWorker.php updated and reload workers
2014-09-29 11:40:19 Worker[Gateway]:CLIENT: CLOSE INNER_CONNECTION

2014-09-29 11:40:19 Worker[Gateway]:CLIENT: CLOSE INNER_CONNECTION

2014-09-29 11:40:19 Worker[Gateway]:CLIENT: CLOSE INNER_CONNECTION

2014-09-29 11:40:19 Worker[Gateway]:CLIENT: CLOSE INNER_CONNECTION

2014-09-29 11:40:19 Worker[Gateway]:CLIENT: CLOSE INNER_CONNECTION

2014-09-29 11:40:19 Worker[Gateway]:CLIENT: CLOSE INNER_CONNECTION

2014-09-29 11:40:19 Worker[Gateway]:CLIENT: CLOSE INNER_CONNECTION

2014-09-29 11:40:19 Worker[Gateway]:CLIENT: CLOSE INNER_CONNECTION

2014-09-29 11:40:19 Worker[Gateway]:CLIENT: CLOSE INNER_CONNECTION

2014-09-29 11:40:19 Worker[Gateway]:CLIENT: CLOSE INNER_CONNECTION

2014-09-29 11:40:19 Worker[Gateway]:CLIENT: CLOSE INNER_CONNECTION

2014-09-29 11:40:19 Worker[Gateway]:CLIENT: CLOSE INNER_CONNECTION

2014-09-29 11:40:19 Worker[Gateway]:CLIENT: CLOSE INNER_CONNECTION

2014-09-29 11:40:19 Worker[Gateway]:CLIENT: CLOSE INNER_CONNECTION

2014-09-29 11:40:19 Worker[Gateway]:CLIENT: CLOSE INNER_CONNECTION

2014-09-29 11:40:19 Worker[Gateway]:CLIENT: CLOSE INNER_CONNECTION

2014-09-29 11:40:19 Worker[Gateway]:CLIENT: CLOSE INNER_CONNECTION

2014-09-29 11:40:19 Worker[Gateway]:CLIENT: CLOSE INNER_CONNECTION

2014-09-29 11:40:19 Worker[Gateway]:CLIENT: CLOSE INNER_CONNECTION

2014-09-29 11:40:19 Worker[Gateway]:CLIENT: CLOSE INNER_CONNECTION

2014-09-29 11:40:19 Worker[Gateway]:CLIENT: CLOSE INNER_CONNECTION

2014-09-29 11:40:19 Worker[Gateway]:CLIENT: CLOSE INNER_CONNECTION

2014-09-29 11:40:19 Worker[Gateway]:CLIENT: CLOSE INNER_CONNECTION

2014-09-29 11:40:19 Worker[Gateway]:CLIENT: CLOSE INNER_CONNECTION

2014-09-29 11:40:19 Worker[Gateway]:CLIENT: CLOSE INNER_CONNECTION

2014-09-29 11:40:46 /data/test/workerman/workerman/workerman/Core/SocketWorker.php updated and reload workers
2014-09-29 11:40:46 Worker[Gateway]:CLIENT: CLOSE INNER_CONNECTION

2014-09-29 11:40:46 Worker[Gateway]:CLIENT: CLOSE INNER_CONNECTION

2014-09-29 11:40:46 Worker[Gateway]:CLIENT: CLOSE INNER_CONNECTION

2014-09-29 11:40:46 Worker[Gateway]:CLIENT: CLOSE INNER_CONNECTION

2014-09-29 11:40:46 Worker[Gateway]:CLIENT: CLOSE INNER_CONNECTION

2014-09-29 11:40:46 Worker[Gateway]:CLIENT: CLOSE INNER_CONNECTION

2014-09-29 11:40:46 Worker[Gateway]:CLIENT: CLOSE INNER_CONNECTION

2014-09-29 11:40:46 Worker[Gateway]:CLIENT: CLOSE INNER_CONNECTION

2014-09-29 11:40:46 Worker[Gateway]:CLIENT: CLOSE INNER_CONNECTION

2014-09-29 11:40:46 Worker[Gateway]:CLIENT: CLOSE INNER_CONNECTION

2014-09-29 11:40:46 Worker[Gateway]:CLIENT: CLOSE INNER_CONNECTION

2014-09-29 11:40:46 Worker[Gateway]:CLIENT: CLOSE INNER_CONNECTION

2014-09-29 11:40:46 Worker[Gateway]:CLIENT: CLOSE INNER_CONNECTION

2014-09-29 11:40:46 Worker[Gateway]:CLIENT: CLOSE INNER_CONNECTION

2014-09-29 11:40:46 Worker[Gateway]:CLIENT: CLOSE INNER_CONNECTION

2014-09-29 11:40:46 Worker[Gateway]:CLIENT: CLOSE INNER_CONNECTION

2014-09-29 11:40:46 Worker[Gateway]:CLIENT: CLOSE INNER_CONNECTION

2014-09-29 11:40:46 Worker[Gateway]:CLIENT: CLOSE INNER_CONNECTION

2014-09-29 11:40:46 Worker[Gateway]:CLIENT: CLOSE INNER_CONNECTION

2014-09-29 11:40:46 Worker[Gateway]:CLIENT: CLOSE INNER_CONNECTION

2014-09-29 11:40:46 Worker[Gateway]:CLIENT: CLOSE INNER_CONNECTION

2014-09-29 11:40:46 Worker[Gateway]:CLIENT: CLOSE INNER_CONNECTION

2014-09-29 11:40:46 Worker[Gateway]:CLIENT: CLOSE INNER_CONNECTION

2014-09-29 11:40:46 Worker[Gateway]:CLIENT: CLOSE INNER_CONNECTION

2014-09-29 11:40:46 Worker[Gateway]:CLIENT: CLOSE INNER_CONNECTION

2014-09-29 11:41:24 /data/test/workerman/workerman/workerman/Core/SocketWorker.php updated and reload workers
2014-09-29 11:41:34 /data/test/workerman/workerman/workerman/Core/SocketWorker.php updated and reload workers
2014-09-29 11:41:59 /data/test/workerman/workerman/workerman/Core/SocketWorker.php updated and reload workers
2014-09-29 11:42:10 Server:Workerman is shutting down
2014-09-29 11:42:10 Worker[BusinessWorker]:CLIENT_CLOSE
CLIENT_IP:127.0.0.1
BUFFER:[00000030037f0000019c4f000000497f000001a0e9000000080000000d7b226e616d65223a227364227d717569740d0a0000002e037f0000019c4f000000497f000001a0e9000000080000000d7b226e616d65223a227364227d73640d0a0000002e037f0000019c4f000000497f000001a0e9000000080000000d7b226e616d65223a227364227d73640d0a0000002e037f0000019c4f000000497f000001a0e9000000080000000d7b226e616d65223a227364227d73640d0a0000002c037f0000019c4f000000497f000001a0e9000000080000000d7b226e616d65223a227364227d0d0a0000002c037f0000019c4f000000497f000001a0e9000000080000000d7b226e616d65223a227364227d0d0a]

2014-09-29 11:42:10 Worker[BusinessWorker]:CLIENT_CLOSE
CLIENT_IP:127.0.0.1
BUFFER:[00000033037f0000019c4f000000497f000001a0e9000000080000000d7b226e616d65223a227364227d1b5b411b5b42730d0a0000002c037f0000019c4f000000497f000001a0e9000000080000000d7b226e616d65223a227364227d0d0a0000002c037f0000019c4f000000497f000001a0e9000000080000000d7b226e616d65223a227364227d0d0a0000002c037f0000019c4f000000497f000001a0e9000000080000000d7b226e616d65223a227364227d0d0a]

2014-09-29 11:42:10 Worker[BusinessWorker]:CLIENT_CLOSE
CLIENT_IP:127.0.0.1
BUFFER:[0000002e037f0000019c4f000000497f000001a0e9000000080000000d7b226e616d65223a227364227d73640d0a0000002c037f0000019c4f000000497f000001a0e9000000080000000d7b226e616d65223a227364227d0d0a0000002e037f0000019c4f000000497f000001a0e9000000080000000d7b226e616d65223a227364227d73640d0a]

2014-09-29 11:42:10 Worker[BusinessWorker]:CLIENT_CLOSE
CLIENT_IP:127.0.0.1
BUFFER:[0000002e037f0000019c4f000000497f000001a0e9000000080000000d7b226e616d65223a227364227d73640d0a0000002c037f0000019c4f000000497f000001a0e9000000080000000d7b226e616d65223a227364227d0d0a]

2014-09-29 11:42:10 Worker[BusinessWorker]:CLIENT_CLOSE
CLIENT_IP:127.0.0.1
BUFFER:[0000002c037f0000019c4f000000497f000001a0e9000000080000000d7b226e616d65223a227364227d0d0a0000002c037f0000019c4f000000497f000001a0e9000000080000000d7b226e616d65223a227364227d0d0a00000031037f0000019c4f000000497f000001a0e9000000080000000d7b226e616d65223a227364227dfff4fffd060d0a0000002c037f0000019c4f000000497f000001a0e9000000080000000d7b226e616d65223a227364227d0d0a0000002e037f0000019c4f000000497f000001a0e9000000080000000d7b226e616d65223a227364227d73640d0a]

2014-09-29 11:42:10 Server:Workerman stoped
2014-09-29 11:42:10 Server:Workerman is starting ...
2014-09-29 11:42:10 Server:[1A
[KWorkerman start success ...[0m
2014-09-29 11:42:32 /data/test/workerman/workerman/workerman/Core/SocketWorker.php updated and reload workers
2014-09-29 11:42:32 Worker[Gateway]:CLIENT: CLOSE INNER_CONNECTION

2014-09-29 11:42:32 Worker[Gateway]:CLIENT: CLOSE INNER_CONNECTION

2014-09-29 11:42:32 Worker[Gateway]:CLIENT: CLOSE INNER_CONNECTION

2014-09-29 11:42:32 Worker[Gateway]:CLIENT: CLOSE INNER_CONNECTION

2014-09-29 11:42:32 Worker[Gateway]:CLIENT: CLOSE INNER_CONNECTION

2014-09-29 11:42:32 Worker[Gateway]:CLIENT: CLOSE INNER_CONNECTION

2014-09-29 11:42:32 Worker[Gateway]:CLIENT: CLOSE INNER_CONNECTION

2014-09-29 11:42:32 Worker[Gateway]:CLIENT: CLOSE INNER_CONNECTION

2014-09-29 11:42:32 Worker[Gateway]:CLIENT: CLOSE INNER_CONNECTION

2014-09-29 11:42:32 Worker[Gateway]:CLIENT: CLOSE INNER_CONNECTION

2014-09-29 11:42:32 Worker[Gateway]:CLIENT: CLOSE INNER_CONNECTION

2014-09-29 11:42:32 Worker[Gateway]:CLIENT: CLOSE INNER_CONNECTION

2014-09-29 11:42:32 Worker[Gateway]:CLIENT: CLOSE INNER_CONNECTION

2014-09-29 11:42:32 Worker[Gateway]:CLIENT: CLOSE INNER_CONNECTION

2014-09-29 11:42:32 Worker[Gateway]:CLIENT: CLOSE INNER_CONNECTION

2014-09-29 11:42:32 Worker[Gateway]:CLIENT: CLOSE INNER_CONNECTION

2014-09-29 11:42:32 Worker[Gateway]:CLIENT: CLOSE INNER_CONNECTION

2014-09-29 11:42:32 Worker[Gateway]:CLIENT: CLOSE INNER_CONNECTION

2014-09-29 11:42:32 Worker[Gateway]:CLIENT: CLOSE INNER_CONNECTION

2014-09-29 11:42:32 Worker[Gateway]:CLIENT: CLOSE INNER_CONNECTION

2014-09-29 11:42:32 Worker[Gateway]:CLIENT: CLOSE INNER_CONNECTION

2014-09-29 11:42:32 Worker[Gateway]:CLIENT: CLOSE INNER_CONNECTION

2014-09-29 11:42:32 Worker[Gateway]:CLIENT: CLOSE INNER_CONNECTION

2014-09-29 11:42:32 Worker[Gateway]:CLIENT: CLOSE INNER_CONNECTION

2014-09-29 11:42:32 Worker[Gateway]:CLIENT: CLOSE INNER_CONNECTION

2014-09-29 11:42:46 /data/test/workerman/workerman/workerman/Core/SocketWorker.php updated and reload workers
2014-09-29 11:42:46 Worker[Gateway]:CLIENT: CLOSE INNER_CONNECTION

2014-09-29 11:42:46 Worker[Gateway]:CLIENT: CLOSE INNER_CONNECTION

2014-09-29 11:42:46 Worker[Gateway]:CLIENT: CLOSE INNER_CONNECTION

2014-09-29 11:42:46 Worker[Gateway]:CLIENT: CLOSE INNER_CONNECTION

2014-09-29 11:42:46 Worker[Gateway]:CLIENT: CLOSE INNER_CONNECTION

2014-09-29 11:42:46 Worker[Gateway]:CLIENT: CLOSE INNER_CONNECTION

2014-09-29 11:42:46 Worker[Gateway]:CLIENT: CLOSE INNER_CONNECTION

2014-09-29 11:42:46 Worker[Gateway]:CLIENT: CLOSE INNER_CONNECTION

2014-09-29 11:42:46 Worker[Gateway]:CLIENT: CLOSE INNER_CONNECTION

2014-09-29 11:42:46 Worker[Gateway]:CLIENT: CLOSE INNER_CONNECTION

2014-09-29 11:42:46 Worker[Gateway]:CLIENT: CLOSE INNER_CONNECTION

2014-09-29 11:42:46 Worker[Gateway]:CLIENT: CLOSE INNER_CONNECTION

2014-09-29 11:42:46 Worker[Gateway]:CLIENT: CLOSE INNER_CONNECTION

2014-09-29 11:42:46 Worker[Gateway]:CLIENT: CLOSE INNER_CONNECTION

2014-09-29 11:42:46 Worker[Gateway]:CLIENT: CLOSE INNER_CONNECTION

2014-09-29 11:42:46 Worker[Gateway]:CLIENT: CLOSE INNER_CONNECTION

2014-09-29 11:42:46 Worker[Gateway]:CLIENT: CLOSE INNER_CONNECTION

2014-09-29 11:42:46 Worker[Gateway]:CLIENT: CLOSE INNER_CONNECTION

2014-09-29 11:42:46 Worker[Gateway]:CLIENT: CLOSE INNER_CONNECTION

2014-09-29 11:42:46 Worker[Gateway]:CLIENT: CLOSE INNER_CONNECTION

2014-09-29 11:42:46 Worker[Gateway]:CLIENT: CLOSE INNER_CONNECTION

2014-09-29 11:42:46 Worker[Gateway]:CLIENT: CLOSE INNER_CONNECTION

2014-09-29 11:42:46 Worker[Gateway]:CLIENT: CLOSE INNER_CONNECTION

2014-09-29 11:42:46 Worker[Gateway]:CLIENT: CLOSE INNER_CONNECTION

2014-09-29 11:42:46 Worker[Gateway]:CLIENT: CLOSE INNER_CONNECTION

2014-09-29 11:44:37 /data/test/workerman/workerman/applications/Demo/Bootstrap/Gateway.php updated and reload workers
2014-09-29 11:44:37 Worker[Gateway]:CLIENT: CLOSE INNER_CONNECTION

2014-09-29 11:44:37 Worker[Gateway]:CLIENT: CLOSE INNER_CONNECTION

2014-09-29 11:44:37 Worker[Gateway]:CLIENT: CLOSE INNER_CONNECTION

2014-09-29 11:44:37 Worker[Gateway]:CLIENT: CLOSE INNER_CONNECTION

2014-09-29 11:44:37 Worker[Gateway]:CLIENT: CLOSE INNER_CONNECTION

2014-09-29 11:44:37 Worker[Gateway]:CLIENT: CLOSE INNER_CONNECTION

2014-09-29 11:44:37 Worker[Gateway]:CLIENT: CLOSE INNER_CONNECTION

2014-09-29 11:44:37 Worker[Gateway]:CLIENT: CLOSE INNER_CONNECTION

2014-09-29 11:44:37 Worker[Gateway]:CLIENT: CLOSE INNER_CONNECTION

2014-09-29 11:44:37 Worker[Gateway]:CLIENT: CLOSE INNER_CONNECTION

2014-09-29 11:44:37 Worker[Gateway]:CLIENT: CLOSE INNER_CONNECTION

2014-09-29 11:44:37 Worker[Gateway]:CLIENT: CLOSE INNER_CONNECTION

2014-09-29 11:44:37 Worker[Gateway]:CLIENT: CLOSE INNER_CONNECTION

2014-09-29 11:44:37 Worker[Gateway]:CLIENT: CLOSE INNER_CONNECTION

2014-09-29 11:44:37 Worker[Gateway]:CLIENT: CLOSE INNER_CONNECTION

2014-09-29 11:44:37 Worker[Gateway]:CLIENT: CLOSE INNER_CONNECTION

2014-09-29 11:44:37 Worker[Gateway]:CLIENT: CLOSE INNER_CONNECTION

2014-09-29 11:44:37 Worker[Gateway]:CLIENT: CLOSE INNER_CONNECTION

2014-09-29 11:44:37 Worker[Gateway]:CLIENT: CLOSE INNER_CONNECTION

2014-09-29 11:44:37 Worker[Gateway]:CLIENT: CLOSE INNER_CONNECTION

2014-09-29 11:44:37 Worker[Gateway]:CLIENT: CLOSE INNER_CONNECTION

2014-09-29 11:44:37 Worker[Gateway]:CLIENT: CLOSE INNER_CONNECTION

2014-09-29 11:44:37 Worker[Gateway]:CLIENT: CLOSE INNER_CONNECTION

2014-09-29 11:44:37 Worker[Gateway]:CLIENT: CLOSE INNER_CONNECTION

2014-09-29 11:44:37 Worker[Gateway]:CLIENT: CLOSE INNER_CONNECTION

2014-09-29 11:45:26 /data/test/workerman/workerman/workerman/Core/SocketWorker.php updated and reload workers
2014-09-29 11:45:26 Worker[Gateway]:CLIENT: CLOSE INNER_CONNECTION

2014-09-29 11:45:26 Worker[Gateway]:CLIENT: CLOSE INNER_CONNECTION

2014-09-29 11:45:26 Worker[Gateway]:CLIENT: CLOSE INNER_CONNECTION

2014-09-29 11:45:26 Worker[Gateway]:CLIENT: CLOSE INNER_CONNECTION

2014-09-29 11:45:26 Worker[Gateway]:CLIENT: CLOSE INNER_CONNECTION

2014-09-29 11:45:26 Worker[Gateway]:CLIENT: CLOSE INNER_CONNECTION

2014-09-29 11:45:26 Worker[Gateway]:CLIENT: CLOSE INNER_CONNECTION

2014-09-29 11:45:26 Worker[Gateway]:CLIENT: CLOSE INNER_CONNECTION

2014-09-29 11:45:26 Worker[Gateway]:CLIENT: CLOSE INNER_CONNECTION

2014-09-29 11:45:26 Worker[Gateway]:CLIENT: CLOSE INNER_CONNECTION

2014-09-29 11:45:26 Worker[Gateway]:CLIENT: CLOSE INNER_CONNECTION

2014-09-29 11:45:26 Worker[Gateway]:CLIENT: CLOSE INNER_CONNECTION

2014-09-29 11:45:26 Worker[Gateway]:CLIENT: CLOSE INNER_CONNECTION

2014-09-29 11:45:26 Worker[Gateway]:CLIENT: CLOSE INNER_CONNECTION

2014-09-29 11:45:26 Worker[Gateway]:CLIENT: CLOSE INNER_CONNECTION

2014-09-29 11:45:26 Worker[Gateway]:CLIENT: CLOSE INNER_CONNECTION

2014-09-29 11:45:26 Worker[Gateway]:CLIENT: CLOSE INNER_CONNECTION

2014-09-29 11:45:26 Worker[Gateway]:CLIENT: CLOSE INNER_CONNECTION

2014-09-29 11:45:26 Worker[Gateway]:CLIENT: CLOSE INNER_CONNECTION

2014-09-29 11:45:26 Worker[Gateway]:CLIENT: CLOSE INNER_CONNECTION

2014-09-29 11:45:26 Worker[Gateway]:CLIENT: CLOSE INNER_CONNECTION

2014-09-29 11:45:26 Worker[Gateway]:CLIENT: CLOSE INNER_CONNECTION

2014-09-29 11:45:26 Worker[Gateway]:CLIENT: CLOSE INNER_CONNECTION

2014-09-29 11:45:26 Worker[Gateway]:CLIENT: CLOSE INNER_CONNECTION

2014-09-29 11:45:26 Worker[Gateway]:CLIENT: CLOSE INNER_CONNECTION

2014-09-29 12:35:45 /data/test/workerman/workerman/applications/Demo/Bootstrap/Gateway.php updated and reload workers
2014-09-29 12:35:45 Worker[Gateway]:CLIENT: CLOSE INNER_CONNECTION

2014-09-29 12:35:45 Worker[Gateway]:CLIENT: CLOSE INNER_CONNECTION

2014-09-29 12:35:45 Worker[Gateway]:CLIENT: CLOSE INNER_CONNECTION

2014-09-29 12:35:45 Worker[Gateway]:CLIENT: CLOSE INNER_CONNECTION

2014-09-29 12:35:45 Worker[Gateway]:CLIENT: CLOSE INNER_CONNECTION

2014-09-29 12:35:45 Worker[Gateway]:CLIENT: CLOSE INNER_CONNECTION

2014-09-29 12:35:45 Worker[Gateway]:CLIENT: CLOSE INNER_CONNECTION

2014-09-29 12:35:45 Worker[Gateway]:CLIENT: CLOSE INNER_CONNECTION

2014-09-29 12:35:45 Worker[Gateway]:CLIENT: CLOSE INNER_CONNECTION

2014-09-29 12:35:45 Worker[Gateway]:CLIENT: CLOSE INNER_CONNECTION

2014-09-29 12:35:45 Worker[Gateway]:CLIENT: CLOSE INNER_CONNECTION

2014-09-29 12:35:45 Worker[Gateway]:CLIENT: CLOSE INNER_CONNECTION

2014-09-29 12:35:45 Worker[Gateway]:CLIENT: CLOSE INNER_CONNECTION

2014-09-29 12:35:45 Worker[Gateway]:CLIENT: CLOSE INNER_CONNECTION

2014-09-29 12:35:45 Worker[Gateway]:CLIENT: CLOSE INNER_CONNECTION

2014-09-29 12:35:45 Worker[Gateway]:CLIENT: CLOSE INNER_CONNECTION

2014-09-29 12:35:45 Worker[Gateway]:CLIENT: CLOSE INNER_CONNECTION

2014-09-29 12:35:45 Worker[Gateway]:CLIENT: CLOSE INNER_CONNECTION

2014-09-29 12:35:45 Worker[Gateway]:CLIENT: CLOSE INNER_CONNECTION

2014-09-29 12:35:45 Worker[Gateway]:CLIENT: CLOSE INNER_CONNECTION

2014-09-29 12:35:46 Worker[Gateway]:CLIENT: CLOSE INNER_CONNECTION

2014-09-29 12:35:46 Worker[Gateway]:CLIENT: CLOSE INNER_CONNECTION

2014-09-29 12:35:46 Worker[Gateway]:CLIENT: CLOSE INNER_CONNECTION

2014-09-29 12:35:46 Worker[Gateway]:CLIENT: CLOSE INNER_CONNECTION

2014-09-29 12:35:46 Worker[Gateway]:CLIENT: CLOSE INNER_CONNECTION

2014-09-29 12:52:55 /data/test/workerman/workerman/workerman/Core/SocketWorker.php updated and reload workers
2014-09-29 12:52:55 Worker[Gateway]:CLIENT: CLOSE INNER_CONNECTION

2014-09-29 12:52:55 Worker[Gateway]:CLIENT: CLOSE INNER_CONNECTION

2014-09-29 12:52:55 Worker[Gateway]:CLIENT: CLOSE INNER_CONNECTION

2014-09-29 12:52:55 Worker[Gateway]:CLIENT: CLOSE INNER_CONNECTION

2014-09-29 12:52:55 Worker[Gateway]:CLIENT: CLOSE INNER_CONNECTION

2014-09-29 12:52:55 Worker[Gateway]:CLIENT: CLOSE INNER_CONNECTION

2014-09-29 12:52:55 Worker[Gateway]:CLIENT: CLOSE INNER_CONNECTION

2014-09-29 12:52:55 Worker[Gateway]:CLIENT: CLOSE INNER_CONNECTION

2014-09-29 12:52:55 Worker[Gateway]:CLIENT: CLOSE INNER_CONNECTION

2014-09-29 12:52:55 Worker[Gateway]:CLIENT: CLOSE INNER_CONNECTION

2014-09-29 12:52:55 Worker[Gateway]:CLIENT: CLOSE INNER_CONNECTION

2014-09-29 12:52:55 Worker[Gateway]:CLIENT: CLOSE INNER_CONNECTION

2014-09-29 12:52:55 Worker[Gateway]:CLIENT: CLOSE INNER_CONNECTION

2014-09-29 12:52:55 Worker[Gateway]:CLIENT: CLOSE INNER_CONNECTION

2014-09-29 12:52:55 Worker[Gateway]:CLIENT: CLOSE INNER_CONNECTION

2014-09-29 12:52:55 Worker[Gateway]:CLIENT: CLOSE INNER_CONNECTION

2014-09-29 12:52:55 Worker[Gateway]:CLIENT: CLOSE INNER_CONNECTION

2014-09-29 12:52:55 Worker[Gateway]:CLIENT: CLOSE INNER_CONNECTION

2014-09-29 12:52:55 Worker[Gateway]:CLIENT: CLOSE INNER_CONNECTION

2014-09-29 12:52:55 Worker[Gateway]:CLIENT: CLOSE INNER_CONNECTION

2014-09-29 12:52:55 Worker[Gateway]:CLIENT: CLOSE INNER_CONNECTION

2014-09-29 12:52:55 Worker[Gateway]:CLIENT: CLOSE INNER_CONNECTION

2014-09-29 12:52:55 Worker[Gateway]:CLIENT: CLOSE INNER_CONNECTION

2014-09-29 12:52:55 Worker[Gateway]:CLIENT: CLOSE INNER_CONNECTION

2014-09-29 12:52:55 Worker[Gateway]:CLIENT: CLOSE INNER_CONNECTION

2014-09-29 12:53:55 /data/test/workerman/workerman/workerman/Core/SocketWorker.php updated and reload workers
2014-09-29 12:53:55 Worker[Gateway]:CLIENT: CLOSE INNER_CONNECTION

2014-09-29 12:53:55 Worker[Gateway]:CLIENT: CLOSE INNER_CONNECTION

2014-09-29 12:53:55 Worker[Gateway]:CLIENT: CLOSE INNER_CONNECTION

2014-09-29 12:53:55 Worker[Gateway]:CLIENT: CLOSE INNER_CONNECTION

2014-09-29 12:53:55 Worker[Gateway]:CLIENT: CLOSE INNER_CONNECTION

2014-09-29 12:53:55 Worker[Gateway]:CLIENT: CLOSE INNER_CONNECTION

2014-09-29 12:53:55 Worker[Gateway]:CLIENT: CLOSE INNER_CONNECTION

2014-09-29 12:53:55 Worker[Gateway]:CLIENT: CLOSE INNER_CONNECTION

2014-09-29 12:53:55 Worker[Gateway]:CLIENT: CLOSE INNER_CONNECTION

2014-09-29 12:53:55 Worker[Gateway]:CLIENT: CLOSE INNER_CONNECTION

2014-09-29 12:53:55 Worker[Gateway]:CLIENT: CLOSE INNER_CONNECTION

2014-09-29 12:53:55 Worker[Gateway]:CLIENT: CLOSE INNER_CONNECTION

2014-09-29 12:53:55 Worker[Gateway]:CLIENT: CLOSE INNER_CONNECTION

2014-09-29 12:53:55 Worker[Gateway]:CLIENT: CLOSE INNER_CONNECTION

2014-09-29 12:53:55 Worker[Gateway]:CLIENT: CLOSE INNER_CONNECTION

2014-09-29 12:53:55 Worker[Gateway]:CLIENT: CLOSE INNER_CONNECTION

2014-09-29 12:53:55 Worker[Gateway]:CLIENT: CLOSE INNER_CONNECTION

2014-09-29 12:53:55 Worker[Gateway]:CLIENT: CLOSE INNER_CONNECTION

2014-09-29 12:53:55 Worker[Gateway]:CLIENT: CLOSE INNER_CONNECTION

2014-09-29 12:53:55 Worker[Gateway]:CLIENT: CLOSE INNER_CONNECTION

2014-09-29 12:53:55 Worker[Gateway]:CLIENT: CLOSE INNER_CONNECTION

2014-09-29 12:53:55 Worker[Gateway]:CLIENT: CLOSE INNER_CONNECTION

2014-09-29 12:53:55 Worker[Gateway]:CLIENT: CLOSE INNER_CONNECTION

2014-09-29 12:53:55 Worker[Gateway]:CLIENT: CLOSE INNER_CONNECTION

2014-09-29 12:53:55 Worker[Gateway]:CLIENT: CLOSE INNER_CONNECTION

2014-09-29 12:55:19 /data/test/workerman/workerman/workerman/Core/SocketWorker.php updated and reload workers
2014-09-29 12:55:19 Worker[Gateway]:CLIENT: CLOSE INNER_CONNECTION

2014-09-29 12:55:19 Worker[Gateway]:CLIENT: CLOSE INNER_CONNECTION

2014-09-29 12:55:19 Worker[Gateway]:CLIENT: CLOSE INNER_CONNECTION

2014-09-29 12:55:19 Worker[Gateway]:CLIENT: CLOSE INNER_CONNECTION

2014-09-29 12:55:19 Worker[Gateway]:CLIENT: CLOSE INNER_CONNECTION

2014-09-29 12:55:19 Worker[Gateway]:CLIENT: CLOSE INNER_CONNECTION

2014-09-29 12:55:19 Worker[Gateway]:CLIENT: CLOSE INNER_CONNECTION

2014-09-29 12:55:19 Worker[Gateway]:CLIENT: CLOSE INNER_CONNECTION

2014-09-29 12:55:19 Worker[Gateway]:CLIENT: CLOSE INNER_CONNECTION

2014-09-29 12:55:19 Worker[Gateway]:CLIENT: CLOSE INNER_CONNECTION

2014-09-29 12:55:19 Worker[Gateway]:CLIENT: CLOSE INNER_CONNECTION

2014-09-29 12:55:19 Worker[Gateway]:CLIENT: CLOSE INNER_CONNECTION

2014-09-29 12:55:19 Worker[Gateway]:CLIENT: CLOSE INNER_CONNECTION

2014-09-29 12:55:19 Worker[Gateway]:CLIENT: CLOSE INNER_CONNECTION

2014-09-29 12:55:19 Worker[Gateway]:CLIENT: CLOSE INNER_CONNECTION

2014-09-29 12:55:19 Worker[Gateway]:CLIENT: CLOSE INNER_CONNECTION

2014-09-29 12:55:19 Worker[Gateway]:CLIENT: CLOSE INNER_CONNECTION

2014-09-29 12:55:19 Worker[Gateway]:CLIENT: CLOSE INNER_CONNECTION

2014-09-29 12:55:19 Worker[Gateway]:CLIENT: CLOSE INNER_CONNECTION

2014-09-29 12:55:19 Worker[Gateway]:CLIENT: CLOSE INNER_CONNECTION

2014-09-29 12:55:19 Worker[Gateway]:CLIENT: CLOSE INNER_CONNECTION

2014-09-29 12:55:19 Worker[Gateway]:CLIENT: CLOSE INNER_CONNECTION

2014-09-29 12:55:19 Worker[Gateway]:CLIENT: CLOSE INNER_CONNECTION

2014-09-29 12:55:19 Worker[Gateway]:CLIENT: CLOSE INNER_CONNECTION

2014-09-29 12:55:19 Worker[Gateway]:CLIENT: CLOSE INNER_CONNECTION

2014-09-29 12:56:15 /data/test/workerman/workerman/workerman/Core/SocketWorker.php updated and reload workers
2014-09-29 12:56:15 Worker[Gateway]:CLIENT: CLOSE INNER_CONNECTION

2014-09-29 12:56:15 Worker[Gateway]:CLIENT: CLOSE INNER_CONNECTION

2014-09-29 12:56:15 Worker[Gateway]:CLIENT: CLOSE INNER_CONNECTION

2014-09-29 12:56:15 Worker[Gateway]:CLIENT: CLOSE INNER_CONNECTION

2014-09-29 12:56:15 Worker[Gateway]:CLIENT: CLOSE INNER_CONNECTION

2014-09-29 12:56:15 Worker[Gateway]:CLIENT: CLOSE INNER_CONNECTION

2014-09-29 12:56:15 Worker[Gateway]:CLIENT: CLOSE INNER_CONNECTION

2014-09-29 12:56:15 Worker[Gateway]:CLIENT: CLOSE INNER_CONNECTION

2014-09-29 12:56:15 Worker[Gateway]:CLIENT: CLOSE INNER_CONNECTION

2014-09-29 12:56:15 Worker[Gateway]:CLIENT: CLOSE INNER_CONNECTION

2014-09-29 12:56:15 Worker[Gateway]:CLIENT: CLOSE INNER_CONNECTION

2014-09-29 12:56:15 Worker[Gateway]:CLIENT: CLOSE INNER_CONNECTION

2014-09-29 12:56:15 Worker[Gateway]:CLIENT: CLOSE INNER_CONNECTION

2014-09-29 12:56:15 Worker[Gateway]:CLIENT: CLOSE INNER_CONNECTION

2014-09-29 12:56:15 Worker[Gateway]:CLIENT: CLOSE INNER_CONNECTION

2014-09-29 12:56:15 Worker[Gateway]:CLIENT: CLOSE INNER_CONNECTION

2014-09-29 12:56:15 Worker[Gateway]:CLIENT: CLOSE INNER_CONNECTION

2014-09-29 12:56:15 Worker[Gateway]:CLIENT: CLOSE INNER_CONNECTION

2014-09-29 12:56:15 Worker[Gateway]:CLIENT: CLOSE INNER_CONNECTION

2014-09-29 12:56:15 Worker[Gateway]:CLIENT: CLOSE INNER_CONNECTION

2014-09-29 12:56:15 Worker[Gateway]:CLIENT: CLOSE INNER_CONNECTION

2014-09-29 12:56:15 Worker[Gateway]:CLIENT: CLOSE INNER_CONNECTION

2014-09-29 12:56:15 Worker[Gateway]:CLIENT: CLOSE INNER_CONNECTION

2014-09-29 12:56:15 Worker[Gateway]:CLIENT: CLOSE INNER_CONNECTION

2014-09-29 12:56:15 Worker[Gateway]:CLIENT: CLOSE INNER_CONNECTION

2014-09-29 12:56:28 Server:Workerman is shutting down
2014-09-29 12:56:28 Worker[Gateway]:CLIENT: CLOSE INNER_CONNECTION

2014-09-29 12:56:28 Worker[Gateway]:CLIENT: CLOSE INNER_CONNECTION

2014-09-29 12:56:28 Worker[Gateway]:CLIENT: CLOSE INNER_CONNECTION

2014-09-29 12:56:28 Worker[Gateway]:CLIENT: CLOSE INNER_CONNECTION

2014-09-29 12:56:28 Worker[Gateway]:CLIENT: CLOSE INNER_CONNECTION

2014-09-29 12:56:28 Worker[Gateway]:CLIENT: CLOSE INNER_CONNECTION

2014-09-29 12:56:28 Worker[Gateway]:CLIENT: CLOSE INNER_CONNECTION

2014-09-29 12:56:28 Worker[Gateway]:CLIENT: CLOSE INNER_CONNECTION

2014-09-29 12:56:28 Server:Workerman stoped
2014-09-29 12:56:28 Server:Workerman is starting ...
2014-09-29 12:56:28 Server:[1A
[KWorkerman start success ...[0m
2014-09-29 12:56:39 Worker[BusinessWorker]:client_ip:127.0.0.1 send a packet which length greater than conf.max_recv_buffer_size:10485760 .May be an attack so close connection
2014-09-29 12:58:06 /data/test/workerman/workerman/workerman/Core/Master.php updated and reload workers
2014-09-29 12:58:06 Worker[Gateway]:CLIENT: CLOSE INNER_CONNECTION

2014-09-29 12:58:06 Worker[Gateway]:CLIENT: CLOSE INNER_CONNECTION

2014-09-29 12:58:06 Worker[Gateway]:CLIENT: CLOSE INNER_CONNECTION

2014-09-29 12:58:06 Worker[Gateway]:CLIENT: CLOSE INNER_CONNECTION

2014-09-29 12:58:06 Worker[Gateway]:CLIENT: CLOSE INNER_CONNECTION

2014-09-29 12:58:06 Worker[Gateway]:CLIENT: CLOSE INNER_CONNECTION

2014-09-29 12:58:06 Worker[Gateway]:CLIENT: CLOSE INNER_CONNECTION

2014-09-29 12:58:06 Worker[Gateway]:CLIENT: CLOSE INNER_CONNECTION

2014-09-29 12:58:06 Worker[Gateway]:CLIENT: CLOSE INNER_CONNECTION

2014-09-29 12:58:06 Worker[Gateway]:CLIENT: CLOSE INNER_CONNECTION

2014-09-29 12:58:06 Worker[Gateway]:CLIENT: CLOSE INNER_CONNECTION

2014-09-29 12:58:06 Worker[Gateway]:CLIENT: CLOSE INNER_CONNECTION

2014-09-29 12:58:06 Worker[Gateway]:CLIENT: CLOSE INNER_CONNECTION

2014-09-29 12:58:06 Worker[Gateway]:CLIENT: CLOSE INNER_CONNECTION

2014-09-29 12:58:06 Worker[Gateway]:CLIENT: CLOSE INNER_CONNECTION

2014-09-29 12:58:06 Worker[Gateway]:CLIENT: CLOSE INNER_CONNECTION

2014-09-29 12:58:06 Worker[Gateway]:CLIENT: CLOSE INNER_CONNECTION

2014-09-29 12:58:06 Worker[Gateway]:CLIENT: CLOSE INNER_CONNECTION

2014-09-29 12:58:06 Worker[Gateway]:CLIENT: CLOSE INNER_CONNECTION

2014-09-29 12:58:06 Worker[Gateway]:CLIENT: CLOSE INNER_CONNECTION

2014-09-29 12:58:06 Worker[Gateway]:CLIENT: CLOSE INNER_CONNECTION

2014-09-29 12:58:06 Worker[Gateway]:CLIENT: CLOSE INNER_CONNECTION

2014-09-29 12:58:06 Worker[Gateway]:CLIENT: CLOSE INNER_CONNECTION

2014-09-29 12:58:06 Worker[Gateway]:CLIENT: CLOSE INNER_CONNECTION

2014-09-29 12:58:06 Worker[Gateway]:CLIENT: CLOSE INNER_CONNECTION

2014-09-29 12:58:09 Server:Workerman is shutting down
2014-09-29 12:58:09 Worker[Gateway]:CLIENT: CLOSE INNER_CONNECTION

2014-09-29 12:58:09 Worker[Gateway]:CLIENT: CLOSE INNER_CONNECTION

2014-09-29 12:58:09 Worker[Gateway]:CLIENT: CLOSE INNER_CONNECTION

2014-09-29 12:58:09 Worker[Gateway]:CLIENT: CLOSE INNER_CONNECTION

2014-09-29 12:58:09 Server:Workerman stoped
2014-09-29 12:58:09 Server:Workerman is starting ...
2014-09-29 12:58:09 Server:[1A
[KWorkerman start success ...[0m
2014-09-29 12:59:06 /data/test/workerman/workerman/workerman/Core/Master.php updated and reload workers
2014-09-29 12:59:06 Worker[Gateway]:CLIENT: CLOSE INNER_CONNECTION

2014-09-29 12:59:06 Worker[Gateway]:CLIENT: CLOSE INNER_CONNECTION

2014-09-29 12:59:06 Worker[Gateway]:CLIENT: CLOSE INNER_CONNECTION

2014-09-29 12:59:06 Worker[Gateway]:CLIENT: CLOSE INNER_CONNECTION

2014-09-29 12:59:06 Worker[Gateway]:CLIENT: CLOSE INNER_CONNECTION

2014-09-29 12:59:06 Worker[Gateway]:CLIENT: CLOSE INNER_CONNECTION

2014-09-29 12:59:06 Worker[Gateway]:CLIENT: CLOSE INNER_CONNECTION

2014-09-29 12:59:06 Worker[Gateway]:CLIENT: CLOSE INNER_CONNECTION

2014-09-29 12:59:06 Worker[Gateway]:CLIENT: CLOSE INNER_CONNECTION

2014-09-29 12:59:06 Worker[Gateway]:CLIENT: CLOSE INNER_CONNECTION

2014-09-29 12:59:06 Worker[Gateway]:CLIENT: CLOSE INNER_CONNECTION

2014-09-29 12:59:06 Worker[Gateway]:CLIENT: CLOSE INNER_CONNECTION

2014-09-29 12:59:06 Worker[Gateway]:CLIENT: CLOSE INNER_CONNECTION

2014-09-29 12:59:06 Worker[Gateway]:CLIENT: CLOSE INNER_CONNECTION

2014-09-29 12:59:06 Worker[Gateway]:CLIENT: CLOSE INNER_CONNECTION

2014-09-29 12:59:06 Worker[Gateway]:CLIENT: CLOSE INNER_CONNECTION

2014-09-29 12:59:06 Worker[Gateway]:CLIENT: CLOSE INNER_CONNECTION

2014-09-29 12:59:06 Worker[Gateway]:CLIENT: CLOSE INNER_CONNECTION

2014-09-29 12:59:06 Worker[Gateway]:CLIENT: CLOSE INNER_CONNECTION

2014-09-29 12:59:06 Worker[Gateway]:CLIENT: CLOSE INNER_CONNECTION

2014-09-29 12:59:06 Worker[Gateway]:CLIENT: CLOSE INNER_CONNECTION

2014-09-29 12:59:06 Worker[Gateway]:CLIENT: CLOSE INNER_CONNECTION

2014-09-29 12:59:06 Worker[Gateway]:CLIENT: CLOSE INNER_CONNECTION

2014-09-29 12:59:06 Worker[Gateway]:CLIENT: CLOSE INNER_CONNECTION

2014-09-29 12:59:06 Worker[Gateway]:CLIENT: CLOSE INNER_CONNECTION

2014-09-29 13:01:52 /data/test/workerman/workerman/workerman/Core/Master.php updated and reload workers
2014-09-29 13:01:52 Worker[Gateway]:CLIENT: CLOSE INNER_CONNECTION

2014-09-29 13:01:52 Worker[Gateway]:CLIENT: CLOSE INNER_CONNECTION

2014-09-29 13:01:52 Worker[Gateway]:CLIENT: CLOSE INNER_CONNECTION

2014-09-29 13:01:52 Worker[Gateway]:CLIENT: CLOSE INNER_CONNECTION

2014-09-29 13:01:52 Worker[Gateway]:CLIENT: CLOSE INNER_CONNECTION

2014-09-29 13:01:52 Worker[Gateway]:CLIENT: CLOSE INNER_CONNECTION

2014-09-29 13:01:52 Worker[Gateway]:CLIENT: CLOSE INNER_CONNECTION

2014-09-29 13:01:52 Worker[Gateway]:CLIENT: CLOSE INNER_CONNECTION

2014-09-29 13:01:52 Worker[Gateway]:CLIENT: CLOSE INNER_CONNECTION

2014-09-29 13:01:52 Worker[Gateway]:CLIENT: CLOSE INNER_CONNECTION

2014-09-29 13:01:52 Worker[Gateway]:CLIENT: CLOSE INNER_CONNECTION

2014-09-29 13:01:52 Worker[Gateway]:CLIENT: CLOSE INNER_CONNECTION

2014-09-29 13:01:52 Worker[Gateway]:CLIENT: CLOSE INNER_CONNECTION

2014-09-29 13:01:52 Worker[Gateway]:CLIENT: CLOSE INNER_CONNECTION

2014-09-29 13:01:52 Worker[Gateway]:CLIENT: CLOSE INNER_CONNECTION

2014-09-29 13:01:52 Worker[Gateway]:CLIENT: CLOSE INNER_CONNECTION

2014-09-29 13:01:52 Worker[Gateway]:CLIENT: CLOSE INNER_CONNECTION

2014-09-29 13:01:52 Worker[Gateway]:CLIENT: CLOSE INNER_CONNECTION

2014-09-29 13:01:52 Worker[Gateway]:CLIENT: CLOSE INNER_CONNECTION

2014-09-29 13:01:52 Worker[Gateway]:CLIENT: CLOSE INNER_CONNECTION

2014-09-29 13:01:52 Worker[Gateway]:CLIENT: CLOSE INNER_CONNECTION

2014-09-29 13:01:52 Worker[Gateway]:CLIENT: CLOSE INNER_CONNECTION

2014-09-29 13:01:52 Worker[Gateway]:CLIENT: CLOSE INNER_CONNECTION

2014-09-29 13:01:52 Worker[Gateway]:CLIENT: CLOSE INNER_CONNECTION

2014-09-29 13:01:52 Worker[Gateway]:CLIENT: CLOSE INNER_CONNECTION

2014-09-29 13:01:57 Server:Workerman is shutting down
2014-09-29 13:01:57 Worker[Gateway]:CLIENT: CLOSE INNER_CONNECTION

2014-09-29 13:01:57 Worker[Gateway]:CLIENT: CLOSE INNER_CONNECTION

2014-09-29 13:01:57 Worker[Gateway]:CLIENT: CLOSE INNER_CONNECTION

2014-09-29 13:01:57 Worker[Gateway]:CLIENT: CLOSE INNER_CONNECTION

2014-09-29 13:01:57 Worker[Gateway]:CLIENT: CLOSE INNER_CONNECTION

2014-09-29 13:01:57 Worker[Gateway]:CLIENT: CLOSE INNER_CONNECTION

2014-09-29 13:01:57 Worker[Gateway]:CLIENT: CLOSE INNER_CONNECTION

2014-09-29 13:01:57 Worker[Gateway]:CLIENT: CLOSE INNER_CONNECTION

2014-09-29 13:01:57 Worker[Gateway]:CLIENT: CLOSE INNER_CONNECTION

2014-09-29 13:01:57 Worker[Gateway]:CLIENT: CLOSE INNER_CONNECTION

2014-09-29 13:01:57 Worker[Gateway]:CLIENT: CLOSE INNER_CONNECTION

2014-09-29 13:01:57 Worker[Gateway]:CLIENT: CLOSE INNER_CONNECTION

2014-09-29 13:01:57 Server:Workerman stoped
2014-09-29 13:01:57 Server:Workerman is starting ...
2014-09-29 13:01:58 Server:[1A
[KWorkerman start success ...[0m
2014-09-29 13:03:13 Server:Workerman is shutting down
2014-09-29 13:03:13 Worker[Gateway]:CLIENT: CLOSE INNER_CONNECTION

2014-09-29 13:03:13 Worker[Gateway]:CLIENT: CLOSE INNER_CONNECTION

2014-09-29 13:03:13 Worker[Gateway]:CLIENT: CLOSE INNER_CONNECTION

2014-09-29 13:03:13 Worker[Gateway]:CLIENT: CLOSE INNER_CONNECTION

2014-09-29 13:03:13 Worker[Gateway]:CLIENT: CLOSE INNER_CONNECTION

2014-09-29 13:03:13 Worker[Gateway]:CLIENT: CLOSE INNER_CONNECTION

2014-09-29 13:03:13 Worker[Gateway]:CLIENT: CLOSE INNER_CONNECTION

2014-09-29 13:03:13 Worker[Gateway]:CLIENT: CLOSE INNER_CONNECTION

2014-09-29 13:03:13 Worker[Gateway]:CLIENT: CLOSE INNER_CONNECTION

2014-09-29 13:03:13 Worker[Gateway]:CLIENT: CLOSE INNER_CONNECTION

2014-09-29 13:03:13 Worker[Gateway]:CLIENT: CLOSE INNER_CONNECTION

2014-09-29 13:03:13 Worker[Gateway]:CLIENT: CLOSE INNER_CONNECTION

2014-09-29 13:03:13 Server:Workerman stoped
2014-09-29 13:03:13 Server:Workerman is starting ...
2014-09-29 13:03:13 Server:[1A
[KWorkerman start success ...[0m
2014-09-29 13:07:20 /data/test/workerman/workerman/workerman/Core/Master.php updated and reload workers
2014-09-29 13:07:20 Worker[Gateway]:CLIENT: CLOSE INNER_CONNECTION

2014-09-29 13:07:20 Worker[Gateway]:CLIENT: CLOSE INNER_CONNECTION

2014-09-29 13:07:20 Worker[Gateway]:CLIENT: CLOSE INNER_CONNECTION

2014-09-29 13:07:20 Worker[Gateway]:CLIENT: CLOSE INNER_CONNECTION

2014-09-29 13:07:20 Worker[Gateway]:CLIENT: CLOSE INNER_CONNECTION

2014-09-29 13:07:20 Worker[Gateway]:CLIENT: CLOSE INNER_CONNECTION

2014-09-29 13:07:20 Worker[Gateway]:CLIENT: CLOSE INNER_CONNECTION

2014-09-29 13:07:20 Worker[Gateway]:CLIENT: CLOSE INNER_CONNECTION

2014-09-29 13:07:20 Worker[Gateway]:CLIENT: CLOSE INNER_CONNECTION

2014-09-29 13:07:20 Worker[Gateway]:CLIENT: CLOSE INNER_CONNECTION

2014-09-29 13:07:20 Worker[Gateway]:CLIENT: CLOSE INNER_CONNECTION

2014-09-29 13:07:20 Worker[Gateway]:CLIENT: CLOSE INNER_CONNECTION

2014-09-29 13:07:20 Worker[Gateway]:CLIENT: CLOSE INNER_CONNECTION

2014-09-29 13:07:20 Worker[Gateway]:CLIENT: CLOSE INNER_CONNECTION

2014-09-29 13:07:20 Worker[Gateway]:CLIENT: CLOSE INNER_CONNECTION

2014-09-29 13:07:20 Worker[Gateway]:CLIENT: CLOSE INNER_CONNECTION

2014-09-29 13:07:20 Worker[Gateway]:CLIENT: CLOSE INNER_CONNECTION

2014-09-29 13:07:20 Worker[Gateway]:CLIENT: CLOSE INNER_CONNECTION

2014-09-29 13:07:20 Worker[Gateway]:CLIENT: CLOSE INNER_CONNECTION

2014-09-29 13:07:20 Worker[Gateway]:CLIENT: CLOSE INNER_CONNECTION

2014-09-29 13:07:20 Worker[Gateway]:CLIENT: CLOSE INNER_CONNECTION

2014-09-29 13:07:20 Worker[Gateway]:CLIENT: CLOSE INNER_CONNECTION

2014-09-29 13:07:20 Worker[Gateway]:CLIENT: CLOSE INNER_CONNECTION

2014-09-29 13:07:20 Worker[Gateway]:CLIENT: CLOSE INNER_CONNECTION

2014-09-29 13:07:20 Worker[Gateway]:CLIENT: CLOSE INNER_CONNECTION

2014-09-29 13:25:13 Worker[BusinessWorker]:client_ip:127.0.0.1 send a packet which length greater than conf.max_recv_buffer_size:10485760 .May be an attack so close connection
2014-09-29 13:26:50 Worker[Gateway]:CLIENT_CLOSE
CLIENT_IP:192.168.16.30
BUFFER:[7364736473647373646473647373647364667364666473646664736673667364667364]

2014-09-29 13:28:34 /data/test/workerman/workerman/applications/Demo/Lib/Gateway.php updated and reload workers
2014-09-29 13:28:34 Worker[Gateway]:CLIENT: CLOSE INNER_CONNECTION

2014-09-29 13:28:34 Worker[Gateway]:CLIENT: CLOSE INNER_CONNECTION

2014-09-29 13:28:34 Worker[Gateway]:CLIENT: CLOSE INNER_CONNECTION

2014-09-29 13:28:34 Worker[Gateway]:CLIENT: CLOSE INNER_CONNECTION

2014-09-29 13:28:34 Worker[Gateway]:CLIENT: CLOSE INNER_CONNECTION

2014-09-29 13:28:34 Worker[Gateway]:CLIENT: CLOSE INNER_CONNECTION

2014-09-29 13:28:34 Worker[Gateway]:CLIENT: CLOSE INNER_CONNECTION

2014-09-29 13:28:34 Worker[Gateway]:CLIENT: CLOSE INNER_CONNECTION

2014-09-29 13:28:34 Worker[Gateway]:CLIENT: CLOSE INNER_CONNECTION

2014-09-29 13:28:34 Worker[Gateway]:CLIENT: CLOSE INNER_CONNECTION

2014-09-29 13:28:34 Worker[Gateway]:CLIENT: CLOSE INNER_CONNECTION

2014-09-29 13:28:34 Worker[Gateway]:CLIENT: CLOSE INNER_CONNECTION

2014-09-29 13:28:34 Worker[Gateway]:CLIENT: CLOSE INNER_CONNECTION

2014-09-29 13:28:34 Worker[Gateway]:CLIENT: CLOSE INNER_CONNECTION

2014-09-29 13:28:34 Worker[Gateway]:CLIENT: CLOSE INNER_CONNECTION

2014-09-29 13:28:34 Worker[Gateway]:CLIENT: CLOSE INNER_CONNECTION

2014-09-29 13:28:34 Worker[Gateway]:CLIENT: CLOSE INNER_CONNECTION

2014-09-29 13:28:34 Worker[Gateway]:CLIENT: CLOSE INNER_CONNECTION

2014-09-29 13:28:34 Worker[Gateway]:CLIENT: CLOSE INNER_CONNECTION

2014-09-29 13:28:35 Worker[Gateway]:CLIENT: CLOSE INNER_CONNECTION

2014-09-29 13:28:35 Worker[Gateway]:CLIENT: CLOSE INNER_CONNECTION

2014-09-29 13:28:35 Worker[Gateway]:CLIENT: CLOSE INNER_CONNECTION

2014-09-29 13:28:35 Worker[Gateway]:CLIENT: CLOSE INNER_CONNECTION

2014-09-29 13:28:35 Worker[Gateway]:CLIENT: CLOSE INNER_CONNECTION

2014-09-29 13:28:35 Worker[Gateway]:CLIENT: CLOSE INNER_CONNECTION

2014-09-29 13:29:08 /data/test/workerman/workerman/applications/Demo/Lib/Gateway.php updated and reload workers
2014-09-29 13:29:08 Worker[Gateway]:CLIENT: CLOSE INNER_CONNECTION

2014-09-29 13:29:08 Worker[Gateway]:CLIENT: CLOSE INNER_CONNECTION

2014-09-29 13:29:08 Worker[Gateway]:CLIENT: CLOSE INNER_CONNECTION

2014-09-29 13:29:08 Worker[Gateway]:CLIENT: CLOSE INNER_CONNECTION

2014-09-29 13:29:08 Worker[Gateway]:CLIENT: CLOSE INNER_CONNECTION

2014-09-29 13:29:08 Worker[Gateway]:CLIENT: CLOSE INNER_CONNECTION

2014-09-29 13:29:08 Worker[Gateway]:CLIENT: CLOSE INNER_CONNECTION

2014-09-29 13:29:08 Worker[Gateway]:CLIENT: CLOSE INNER_CONNECTION

2014-09-29 13:29:08 Worker[Gateway]:CLIENT: CLOSE INNER_CONNECTION

2014-09-29 13:29:08 Worker[Gateway]:CLIENT: CLOSE INNER_CONNECTION

2014-09-29 13:29:08 Worker[Gateway]:CLIENT: CLOSE INNER_CONNECTION

2014-09-29 13:29:08 Worker[Gateway]:CLIENT: CLOSE INNER_CONNECTION

2014-09-29 13:29:08 Worker[Gateway]:CLIENT: CLOSE INNER_CONNECTION

2014-09-29 13:29:08 Worker[Gateway]:CLIENT: CLOSE INNER_CONNECTION

2014-09-29 13:29:08 Worker[Gateway]:CLIENT: CLOSE INNER_CONNECTION

2014-09-29 13:29:08 Worker[Gateway]:CLIENT: CLOSE INNER_CONNECTION

2014-09-29 13:29:08 Worker[Gateway]:CLIENT: CLOSE INNER_CONNECTION

2014-09-29 13:29:08 Worker[Gateway]:CLIENT: CLOSE INNER_CONNECTION

2014-09-29 13:29:08 Worker[Gateway]:CLIENT: CLOSE INNER_CONNECTION

2014-09-29 13:29:08 Worker[Gateway]:CLIENT: CLOSE INNER_CONNECTION

2014-09-29 13:29:08 Worker[Gateway]:CLIENT: CLOSE INNER_CONNECTION

2014-09-29 13:29:08 Worker[Gateway]:CLIENT: CLOSE INNER_CONNECTION

2014-09-29 13:29:08 Worker[Gateway]:CLIENT: CLOSE INNER_CONNECTION

2014-09-29 13:29:08 Worker[Gateway]:CLIENT: CLOSE INNER_CONNECTION

2014-09-29 13:29:08 Worker[Gateway]:CLIENT: CLOSE INNER_CONNECTION

2014-09-29 13:29:31 /data/test/workerman/workerman/applications/Demo/Lib/Gateway.php updated and reload workers
2014-09-29 13:29:31 Worker[Gateway]:CLIENT: CLOSE INNER_CONNECTION

2014-09-29 13:29:31 Worker[Gateway]:CLIENT: CLOSE INNER_CONNECTION

2014-09-29 13:29:31 Worker[Gateway]:CLIENT: CLOSE INNER_CONNECTION

2014-09-29 13:29:31 Worker[Gateway]:CLIENT: CLOSE INNER_CONNECTION

2014-09-29 13:29:31 Worker[Gateway]:CLIENT: CLOSE INNER_CONNECTION

2014-09-29 13:29:31 Worker[Gateway]:CLIENT: CLOSE INNER_CONNECTION

2014-09-29 13:29:31 Worker[Gateway]:CLIENT: CLOSE INNER_CONNECTION

2014-09-29 13:29:31 Worker[Gateway]:CLIENT: CLOSE INNER_CONNECTION

2014-09-29 13:29:31 Worker[Gateway]:CLIENT: CLOSE INNER_CONNECTION

2014-09-29 13:29:31 Worker[Gateway]:CLIENT: CLOSE INNER_CONNECTION

2014-09-29 13:29:31 Worker[Gateway]:CLIENT: CLOSE INNER_CONNECTION

2014-09-29 13:29:31 Worker[Gateway]:CLIENT: CLOSE INNER_CONNECTION

2014-09-29 13:29:31 Worker[Gateway]:CLIENT: CLOSE INNER_CONNECTION

2014-09-29 13:29:31 Worker[Gateway]:CLIENT: CLOSE INNER_CONNECTION

2014-09-29 13:29:31 Worker[Gateway]:CLIENT: CLOSE INNER_CONNECTION

2014-09-29 13:29:31 Worker[Gateway]:CLIENT: CLOSE INNER_CONNECTION

2014-09-29 13:29:31 Worker[Gateway]:CLIENT: CLOSE INNER_CONNECTION

2014-09-29 13:29:31 Worker[Gateway]:CLIENT: CLOSE INNER_CONNECTION

2014-09-29 13:29:31 Worker[Gateway]:CLIENT: CLOSE INNER_CONNECTION

2014-09-29 13:29:31 Worker[Gateway]:CLIENT: CLOSE INNER_CONNECTION

2014-09-29 13:29:31 Worker[Gateway]:CLIENT: CLOSE INNER_CONNECTION

2014-09-29 13:29:31 Worker[Gateway]:CLIENT: CLOSE INNER_CONNECTION

2014-09-29 13:29:31 Worker[Gateway]:CLIENT: CLOSE INNER_CONNECTION

2014-09-29 13:29:31 Worker[Gateway]:CLIENT: CLOSE INNER_CONNECTION

2014-09-29 13:29:31 Worker[Gateway]:CLIENT: CLOSE INNER_CONNECTION

2014-09-29 13:29:39 /data/test/workerman/workerman/applications/Demo/Lib/Gateway.php updated and reload workers
2014-09-29 13:29:39 Worker[Gateway]:CLIENT: CLOSE INNER_CONNECTION

2014-09-29 13:29:39 Worker[Gateway]:CLIENT: CLOSE INNER_CONNECTION

2014-09-29 13:29:39 Worker[Gateway]:CLIENT: CLOSE INNER_CONNECTION

2014-09-29 13:29:39 Worker[Gateway]:CLIENT: CLOSE INNER_CONNECTION

2014-09-29 13:29:39 Worker[Gateway]:CLIENT: CLOSE INNER_CONNECTION

2014-09-29 13:29:39 Worker[Gateway]:CLIENT: CLOSE INNER_CONNECTION

2014-09-29 13:29:39 Worker[Gateway]:CLIENT: CLOSE INNER_CONNECTION

2014-09-29 13:29:39 Worker[Gateway]:CLIENT: CLOSE INNER_CONNECTION

2014-09-29 13:29:39 Worker[Gateway]:CLIENT: CLOSE INNER_CONNECTION

2014-09-29 13:29:39 Worker[Gateway]:CLIENT: CLOSE INNER_CONNECTION

2014-09-29 13:29:39 Worker[Gateway]:CLIENT: CLOSE INNER_CONNECTION

2014-09-29 13:29:39 Worker[Gateway]:CLIENT: CLOSE INNER_CONNECTION

2014-09-29 13:29:39 Worker[Gateway]:CLIENT: CLOSE INNER_CONNECTION

2014-09-29 13:29:39 Worker[Gateway]:CLIENT: CLOSE INNER_CONNECTION

2014-09-29 13:29:39 Worker[Gateway]:CLIENT: CLOSE INNER_CONNECTION

2014-09-29 13:29:39 Worker[Gateway]:CLIENT: CLOSE INNER_CONNECTION

2014-09-29 13:29:39 Worker[Gateway]:CLIENT: CLOSE INNER_CONNECTION

2014-09-29 13:29:39 Worker[Gateway]:CLIENT: CLOSE INNER_CONNECTION

2014-09-29 13:29:39 Worker[Gateway]:CLIENT: CLOSE INNER_CONNECTION

2014-09-29 13:29:39 Worker[Gateway]:CLIENT: CLOSE INNER_CONNECTION

2014-09-29 13:29:39 Worker[Gateway]:CLIENT: CLOSE INNER_CONNECTION

2014-09-29 13:29:39 Worker[Gateway]:CLIENT: CLOSE INNER_CONNECTION

2014-09-29 13:29:39 Worker[Gateway]:CLIENT: CLOSE INNER_CONNECTION

2014-09-29 13:29:39 Worker[Gateway]:CLIENT: CLOSE INNER_CONNECTION

2014-09-29 13:29:39 Worker[Gateway]:CLIENT: CLOSE INNER_CONNECTION

2014-09-29 13:30:14 /data/test/workerman/workerman/applications/Demo/Lib/Gateway.php updated and reload workers
2014-09-29 13:30:14 Worker[Gateway]:CLIENT: CLOSE INNER_CONNECTION

2014-09-29 13:30:14 Worker[Gateway]:CLIENT: CLOSE INNER_CONNECTION

2014-09-29 13:30:14 Worker[Gateway]:CLIENT: CLOSE INNER_CONNECTION

2014-09-29 13:30:14 Worker[Gateway]:CLIENT: CLOSE INNER_CONNECTION

2014-09-29 13:30:14 Worker[Gateway]:CLIENT: CLOSE INNER_CONNECTION

2014-09-29 13:30:14 Worker[Gateway]:CLIENT: CLOSE INNER_CONNECTION

2014-09-29 13:30:14 Worker[Gateway]:CLIENT: CLOSE INNER_CONNECTION

2014-09-29 13:30:14 Worker[Gateway]:CLIENT: CLOSE INNER_CONNECTION

2014-09-29 13:30:14 Worker[Gateway]:CLIENT: CLOSE INNER_CONNECTION

2014-09-29 13:30:14 Worker[Gateway]:CLIENT: CLOSE INNER_CONNECTION

2014-09-29 13:30:14 Worker[Gateway]:CLIENT: CLOSE INNER_CONNECTION

2014-09-29 13:30:14 Worker[Gateway]:CLIENT: CLOSE INNER_CONNECTION

2014-09-29 13:30:14 Worker[Gateway]:CLIENT: CLOSE INNER_CONNECTION

2014-09-29 13:30:14 Worker[Gateway]:CLIENT: CLOSE INNER_CONNECTION

2014-09-29 13:30:14 Worker[Gateway]:CLIENT: CLOSE INNER_CONNECTION

2014-09-29 13:30:14 Worker[Gateway]:CLIENT: CLOSE INNER_CONNECTION

2014-09-29 13:30:14 Worker[Gateway]:CLIENT: CLOSE INNER_CONNECTION

2014-09-29 13:30:14 Worker[Gateway]:CLIENT: CLOSE INNER_CONNECTION

2014-09-29 13:30:14 Worker[Gateway]:CLIENT: CLOSE INNER_CONNECTION

2014-09-29 13:30:14 Worker[Gateway]:CLIENT: CLOSE INNER_CONNECTION

2014-09-29 13:30:14 Worker[Gateway]:CLIENT: CLOSE INNER_CONNECTION

2014-09-29 13:30:14 Worker[Gateway]:CLIENT: CLOSE INNER_CONNECTION

2014-09-29 13:30:14 Worker[Gateway]:CLIENT: CLOSE INNER_CONNECTION

2014-09-29 13:30:14 Worker[Gateway]:CLIENT: CLOSE INNER_CONNECTION

2014-09-29 13:30:14 Worker[Gateway]:CLIENT: CLOSE INNER_CONNECTION

2014-09-29 13:30:52 /data/test/workerman/workerman/applications/Demo/Event.php updated and reload workers
2014-09-29 13:30:52 Worker[Gateway]:CLIENT: CLOSE INNER_CONNECTION

2014-09-29 13:30:52 Worker[Gateway]:CLIENT: CLOSE INNER_CONNECTION

2014-09-29 13:30:52 Worker[Gateway]:CLIENT: CLOSE INNER_CONNECTION

2014-09-29 13:30:52 Worker[Gateway]:CLIENT: CLOSE INNER_CONNECTION

2014-09-29 13:30:52 Worker[Gateway]:CLIENT: CLOSE INNER_CONNECTION

2014-09-29 13:30:52 Worker[Gateway]:CLIENT: CLOSE INNER_CONNECTION

2014-09-29 13:30:52 Worker[Gateway]:CLIENT: CLOSE INNER_CONNECTION

2014-09-29 13:30:52 Worker[Gateway]:CLIENT: CLOSE INNER_CONNECTION

2014-09-29 13:30:52 Worker[Gateway]:CLIENT: CLOSE INNER_CONNECTION

2014-09-29 13:30:52 Worker[Gateway]:CLIENT: CLOSE INNER_CONNECTION

2014-09-29 13:30:52 Worker[Gateway]:CLIENT: CLOSE INNER_CONNECTION

2014-09-29 13:30:52 Worker[Gateway]:CLIENT: CLOSE INNER_CONNECTION

2014-09-29 13:30:52 Worker[Gateway]:CLIENT: CLOSE INNER_CONNECTION

2014-09-29 13:30:52 Worker[Gateway]:CLIENT: CLOSE INNER_CONNECTION

2014-09-29 13:30:52 Worker[Gateway]:CLIENT: CLOSE INNER_CONNECTION

2014-09-29 13:30:52 Worker[Gateway]:CLIENT: CLOSE INNER_CONNECTION

2014-09-29 13:30:52 Worker[Gateway]:CLIENT: CLOSE INNER_CONNECTION

2014-09-29 13:30:52 Worker[Gateway]:CLIENT: CLOSE INNER_CONNECTION

2014-09-29 13:30:52 Worker[Gateway]:CLIENT: CLOSE INNER_CONNECTION

2014-09-29 13:30:52 Worker[Gateway]:CLIENT: CLOSE INNER_CONNECTION

2014-09-29 13:30:52 Worker[Gateway]:CLIENT: CLOSE INNER_CONNECTION

2014-09-29 13:30:52 Worker[Gateway]:CLIENT: CLOSE INNER_CONNECTION

2014-09-29 13:30:52 Worker[Gateway]:CLIENT: CLOSE INNER_CONNECTION

2014-09-29 13:30:52 Worker[Gateway]:CLIENT: CLOSE INNER_CONNECTION

2014-09-29 13:30:52 Worker[Gateway]:CLIENT: CLOSE INNER_CONNECTION

2014-09-29 13:30:57 /data/test/workerman/workerman/applications/Demo/Event.php updated and reload workers
2014-09-29 13:30:57 Worker[Gateway]:CLIENT: CLOSE INNER_CONNECTION

2014-09-29 13:30:57 Worker[Gateway]:CLIENT: CLOSE INNER_CONNECTION

2014-09-29 13:30:57 Worker[Gateway]:CLIENT: CLOSE INNER_CONNECTION

2014-09-29 13:30:57 Worker[Gateway]:CLIENT: CLOSE INNER_CONNECTION

2014-09-29 13:30:57 Worker[Gateway]:CLIENT: CLOSE INNER_CONNECTION

2014-09-29 13:30:57 Worker[Gateway]:CLIENT: CLOSE INNER_CONNECTION

2014-09-29 13:30:57 Worker[Gateway]:CLIENT: CLOSE INNER_CONNECTION

2014-09-29 13:30:57 Worker[Gateway]:CLIENT: CLOSE INNER_CONNECTION

2014-09-29 13:30:57 Worker[Gateway]:CLIENT: CLOSE INNER_CONNECTION

2014-09-29 13:30:57 Worker[Gateway]:CLIENT: CLOSE INNER_CONNECTION

2014-09-29 13:30:57 Worker[Gateway]:CLIENT: CLOSE INNER_CONNECTION

2014-09-29 13:30:57 Worker[Gateway]:CLIENT: CLOSE INNER_CONNECTION

2014-09-29 13:30:57 Worker[Gateway]:CLIENT: CLOSE INNER_CONNECTION

2014-09-29 13:30:57 Worker[Gateway]:CLIENT: CLOSE INNER_CONNECTION

2014-09-29 13:30:57 Worker[Gateway]:CLIENT: CLOSE INNER_CONNECTION

2014-09-29 13:30:57 Worker[Gateway]:CLIENT: CLOSE INNER_CONNECTION

2014-09-29 13:30:57 Worker[Gateway]:CLIENT: CLOSE INNER_CONNECTION

2014-09-29 13:30:57 Worker[Gateway]:CLIENT: CLOSE INNER_CONNECTION

2014-09-29 13:30:57 Worker[Gateway]:CLIENT: CLOSE INNER_CONNECTION

2014-09-29 13:30:57 Worker[Gateway]:CLIENT: CLOSE INNER_CONNECTION

2014-09-29 13:30:57 Worker[Gateway]:CLIENT: CLOSE INNER_CONNECTION

2014-09-29 13:30:57 Worker[Gateway]:CLIENT: CLOSE INNER_CONNECTION

2014-09-29 13:30:57 Worker[Gateway]:CLIENT: CLOSE INNER_CONNECTION

2014-09-29 13:30:57 Worker[Gateway]:CLIENT: CLOSE INNER_CONNECTION

2014-09-29 13:30:57 Worker[Gateway]:CLIENT: CLOSE INNER_CONNECTION

2014-09-29 13:31:38 /data/test/workerman/workerman/applications/Demo/Event.php updated and reload workers
2014-09-29 13:31:38 Worker[Gateway]:CLIENT: CLOSE INNER_CONNECTION

2014-09-29 13:31:38 Worker[Gateway]:CLIENT: CLOSE INNER_CONNECTION

2014-09-29 13:31:38 Worker[Gateway]:CLIENT: CLOSE INNER_CONNECTION

2014-09-29 13:31:38 Worker[Gateway]:CLIENT: CLOSE INNER_CONNECTION

2014-09-29 13:31:38 Worker[Gateway]:CLIENT: CLOSE INNER_CONNECTION

2014-09-29 13:31:38 Worker[Gateway]:CLIENT: CLOSE INNER_CONNECTION

2014-09-29 13:31:38 Worker[Gateway]:CLIENT: CLOSE INNER_CONNECTION

2014-09-29 13:31:38 Worker[Gateway]:CLIENT: CLOSE INNER_CONNECTION

2014-09-29 13:31:38 Worker[Gateway]:CLIENT: CLOSE INNER_CONNECTION

2014-09-29 13:31:38 Worker[Gateway]:CLIENT: CLOSE INNER_CONNECTION

2014-09-29 13:31:38 Worker[Gateway]:CLIENT: CLOSE INNER_CONNECTION

2014-09-29 13:31:38 Worker[Gateway]:CLIENT: CLOSE INNER_CONNECTION

2014-09-29 13:31:38 Worker[Gateway]:CLIENT: CLOSE INNER_CONNECTION

2014-09-29 13:31:38 Worker[Gateway]:CLIENT: CLOSE INNER_CONNECTION

2014-09-29 13:31:38 Worker[Gateway]:CLIENT: CLOSE INNER_CONNECTION

2014-09-29 13:31:38 Worker[Gateway]:CLIENT: CLOSE INNER_CONNECTION

2014-09-29 13:31:38 Worker[Gateway]:CLIENT: CLOSE INNER_CONNECTION

2014-09-29 13:31:38 Worker[Gateway]:CLIENT: CLOSE INNER_CONNECTION

2014-09-29 13:31:38 Worker[Gateway]:CLIENT: CLOSE INNER_CONNECTION

2014-09-29 13:31:38 Worker[Gateway]:CLIENT: CLOSE INNER_CONNECTION

2014-09-29 13:31:38 Worker[Gateway]:CLIENT: CLOSE INNER_CONNECTION

2014-09-29 13:31:38 Worker[Gateway]:CLIENT: CLOSE INNER_CONNECTION

2014-09-29 13:31:38 Worker[Gateway]:CLIENT: CLOSE INNER_CONNECTION

2014-09-29 13:31:38 Worker[Gateway]:CLIENT: CLOSE INNER_CONNECTION

2014-09-29 13:31:38 Worker[Gateway]:CLIENT: CLOSE INNER_CONNECTION

2014-09-29 13:31:41 /data/test/workerman/workerman/applications/Demo/Event.php updated and reload workers
2014-09-29 13:31:41 Worker[Gateway]:CLIENT: CLOSE INNER_CONNECTION

2014-09-29 13:31:41 Worker[Gateway]:CLIENT: CLOSE INNER_CONNECTION

2014-09-29 13:31:41 Worker[Gateway]:CLIENT: CLOSE INNER_CONNECTION

2014-09-29 13:31:41 Worker[Gateway]:CLIENT: CLOSE INNER_CONNECTION

2014-09-29 13:31:41 Worker[Gateway]:CLIENT: CLOSE INNER_CONNECTION

2014-09-29 13:31:41 Worker[Gateway]:CLIENT: CLOSE INNER_CONNECTION

2014-09-29 13:31:41 Worker[Gateway]:CLIENT: CLOSE INNER_CONNECTION

2014-09-29 13:31:41 Worker[Gateway]:CLIENT: CLOSE INNER_CONNECTION

2014-09-29 13:31:41 Worker[Gateway]:CLIENT: CLOSE INNER_CONNECTION

2014-09-29 13:31:41 Worker[Gateway]:CLIENT: CLOSE INNER_CONNECTION

2014-09-29 13:31:41 Worker[Gateway]:CLIENT: CLOSE INNER_CONNECTION

2014-09-29 13:31:41 Worker[Gateway]:CLIENT: CLOSE INNER_CONNECTION

2014-09-29 13:31:41 Worker[Gateway]:CLIENT: CLOSE INNER_CONNECTION

2014-09-29 13:31:41 Worker[Gateway]:CLIENT: CLOSE INNER_CONNECTION

2014-09-29 13:31:41 Worker[Gateway]:CLIENT: CLOSE INNER_CONNECTION

2014-09-29 13:31:41 Worker[Gateway]:CLIENT: CLOSE INNER_CONNECTION

2014-09-29 13:31:41 Worker[Gateway]:CLIENT: CLOSE INNER_CONNECTION

2014-09-29 13:31:41 Worker[Gateway]:CLIENT: CLOSE INNER_CONNECTION

2014-09-29 13:31:41 Worker[Gateway]:CLIENT: CLOSE INNER_CONNECTION

2014-09-29 13:31:41 Worker[Gateway]:CLIENT: CLOSE INNER_CONNECTION

2014-09-29 13:31:41 Worker[Gateway]:CLIENT: CLOSE INNER_CONNECTION

2014-09-29 13:31:41 Worker[Gateway]:CLIENT: CLOSE INNER_CONNECTION

2014-09-29 13:31:41 Worker[Gateway]:CLIENT: CLOSE INNER_CONNECTION

2014-09-29 13:31:41 Worker[Gateway]:CLIENT: CLOSE INNER_CONNECTION

2014-09-29 13:31:41 Worker[Gateway]:CLIENT: CLOSE INNER_CONNECTION

2014-09-29 13:32:36 Server:Workerman is shutting down
2014-09-29 13:32:36 Worker[Gateway]:CLIENT: CLOSE INNER_CONNECTION

2014-09-29 13:32:36 Worker[Gateway]:CLIENT: CLOSE INNER_CONNECTION

2014-09-29 13:32:36 Worker[Gateway]:CLIENT: CLOSE INNER_CONNECTION

2014-09-29 13:32:36 Worker[Gateway]:CLIENT: CLOSE INNER_CONNECTION

2014-09-29 13:32:36 Worker[Gateway]:CLIENT: CLOSE INNER_CONNECTION

2014-09-29 13:32:36 Worker[Gateway]:CLIENT: CLOSE INNER_CONNECTION

2014-09-29 13:32:36 Worker[Gateway]:CLIENT: CLOSE INNER_CONNECTION

2014-09-29 13:32:36 Worker[Gateway]:CLIENT: CLOSE INNER_CONNECTION

2014-09-29 13:32:36 Worker[Gateway]:CLIENT: CLOSE INNER_CONNECTION

2014-09-29 13:32:36 Worker[Gateway]:CLIENT: CLOSE INNER_CONNECTION

2014-09-29 13:32:36 Worker[Gateway]:CLIENT: CLOSE INNER_CONNECTION

2014-09-29 13:32:36 Worker[Gateway]:CLIENT: CLOSE INNER_CONNECTION

2014-09-29 13:32:36 Worker[Gateway]:CLIENT: CLOSE INNER_CONNECTION

2014-09-29 13:32:39 Server:Workerman stoped
2014-09-29 13:32:39 Server:Workerman is starting ...
2014-09-29 13:32:39 Server:[1A
[KWorkerman start success ...[0m
2014-09-29 13:32:45 Worker[BusinessWorker]:tcp://127.0.0.1:40020 Connection refused del 127.0.0.1:40020 from store
2014-09-29 13:32:45 Worker[BusinessWorker]:tcp://127.0.0.1:40017 Connection refused del 127.0.0.1:40017 from store
2014-09-29 13:36:38 /data/test/workerman/workerman/applications/Demo/Bootstrap/BusinessWorker.php updated and reload workers
2014-09-29 13:36:38 Worker[Gateway]:CLIENT: CLOSE INNER_CONNECTION

2014-09-29 13:36:38 Worker[Gateway]:CLIENT: CLOSE INNER_CONNECTION

2014-09-29 13:36:38 Worker[Gateway]:CLIENT: CLOSE INNER_CONNECTION

2014-09-29 13:36:38 Worker[Gateway]:CLIENT: CLOSE INNER_CONNECTION

2014-09-29 13:36:38 Worker[Gateway]:CLIENT: CLOSE INNER_CONNECTION

2014-09-29 13:36:38 Worker[Gateway]:CLIENT: CLOSE INNER_CONNECTION

2014-09-29 13:36:38 Worker[Gateway]:CLIENT: CLOSE INNER_CONNECTION

2014-09-29 13:36:38 Worker[Gateway]:CLIENT: CLOSE INNER_CONNECTION

2014-09-29 13:36:38 Worker[Gateway]:CLIENT: CLOSE INNER_CONNECTION

2014-09-29 13:36:38 Worker[Gateway]:CLIENT: CLOSE INNER_CONNECTION

2014-09-29 13:36:38 Worker[Gateway]:CLIENT: CLOSE INNER_CONNECTION

2014-09-29 13:36:38 Worker[Gateway]:CLIENT: CLOSE INNER_CONNECTION

2014-09-29 13:36:38 Worker[Gateway]:CLIENT: CLOSE INNER_CONNECTION

2014-09-29 13:36:38 Worker[Gateway]:CLIENT: CLOSE INNER_CONNECTION

2014-09-29 13:36:38 Worker[Gateway]:CLIENT: CLOSE INNER_CONNECTION

2014-09-29 13:36:38 Worker[Gateway]:CLIENT: CLOSE INNER_CONNECTION

2014-09-29 13:36:38 Worker[Gateway]:CLIENT: CLOSE INNER_CONNECTION

2014-09-29 13:36:38 Worker[Gateway]:CLIENT: CLOSE INNER_CONNECTION

2014-09-29 13:36:38 Worker[Gateway]:CLIENT: CLOSE INNER_CONNECTION

2014-09-29 13:36:38 Worker[Gateway]:CLIENT: CLOSE INNER_CONNECTION

2014-09-29 13:36:38 Worker[Gateway]:CLIENT: CLOSE INNER_CONNECTION

2014-09-29 13:36:38 Worker[Gateway]:CLIENT: CLOSE INNER_CONNECTION

2014-09-29 13:36:38 Worker[Gateway]:CLIENT: CLOSE INNER_CONNECTION

2014-09-29 13:36:38 Worker[Gateway]:CLIENT: CLOSE INNER_CONNECTION

2014-09-29 13:36:38 Worker[Gateway]:CLIENT: CLOSE INNER_CONNECTION

2014-09-29 13:37:29 /data/test/workerman/workerman/applications/Demo/Bootstrap/BusinessWorker.php updated and reload workers
2014-09-29 13:37:29 Worker[Gateway]:CLIENT: CLOSE INNER_CONNECTION

2014-09-29 13:37:29 Worker[Gateway]:CLIENT: CLOSE INNER_CONNECTION

2014-09-29 13:37:29 Worker[Gateway]:CLIENT: CLOSE INNER_CONNECTION

2014-09-29 13:37:29 Worker[Gateway]:CLIENT: CLOSE INNER_CONNECTION

2014-09-29 13:37:29 Worker[Gateway]:CLIENT: CLOSE INNER_CONNECTION

2014-09-29 13:37:29 Worker[Gateway]:CLIENT: CLOSE INNER_CONNECTION

2014-09-29 13:37:29 Worker[Gateway]:CLIENT: CLOSE INNER_CONNECTION

2014-09-29 13:37:29 Worker[Gateway]:CLIENT: CLOSE INNER_CONNECTION

2014-09-29 13:37:29 Worker[Gateway]:CLIENT: CLOSE INNER_CONNECTION

2014-09-29 13:37:29 Worker[Gateway]:CLIENT: CLOSE INNER_CONNECTION

2014-09-29 13:37:29 Worker[Gateway]:CLIENT: CLOSE INNER_CONNECTION

2014-09-29 13:37:29 Worker[Gateway]:CLIENT: CLOSE INNER_CONNECTION

2014-09-29 13:37:29 Worker[Gateway]:CLIENT: CLOSE INNER_CONNECTION

2014-09-29 13:37:29 Worker[Gateway]:CLIENT: CLOSE INNER_CONNECTION

2014-09-29 13:37:29 Worker[Gateway]:CLIENT: CLOSE INNER_CONNECTION

2014-09-29 13:37:29 Worker[Gateway]:CLIENT: CLOSE INNER_CONNECTION

2014-09-29 13:37:29 Worker[Gateway]:CLIENT: CLOSE INNER_CONNECTION

2014-09-29 13:37:29 Worker[Gateway]:CLIENT: CLOSE INNER_CONNECTION

2014-09-29 13:37:29 Worker[Gateway]:CLIENT: CLOSE INNER_CONNECTION

2014-09-29 13:37:29 Worker[Gateway]:CLIENT: CLOSE INNER_CONNECTION

2014-09-29 13:37:29 Worker[Gateway]:CLIENT: CLOSE INNER_CONNECTION

2014-09-29 13:37:29 Worker[Gateway]:CLIENT: CLOSE INNER_CONNECTION

2014-09-29 13:37:29 Worker[Gateway]:CLIENT: CLOSE INNER_CONNECTION

2014-09-29 13:37:29 Worker[Gateway]:CLIENT: CLOSE INNER_CONNECTION

2014-09-29 13:37:29 Worker[Gateway]:CLIENT: CLOSE INNER_CONNECTION

2014-09-29 13:38:40 /data/test/workerman/workerman/applications/Demo/Event.php updated and reload workers
2014-09-29 13:38:40 Worker[Gateway]:CLIENT: CLOSE INNER_CONNECTION

2014-09-29 13:38:40 Worker[Gateway]:CLIENT: CLOSE INNER_CONNECTION

2014-09-29 13:38:40 Worker[Gateway]:CLIENT: CLOSE INNER_CONNECTION

2014-09-29 13:38:40 Worker[Gateway]:CLIENT: CLOSE INNER_CONNECTION

2014-09-29 13:38:40 Worker[Gateway]:CLIENT: CLOSE INNER_CONNECTION

2014-09-29 13:38:40 Worker[Gateway]:CLIENT: CLOSE INNER_CONNECTION

2014-09-29 13:38:40 Worker[Gateway]:CLIENT: CLOSE INNER_CONNECTION

2014-09-29 13:38:40 Worker[Gateway]:CLIENT: CLOSE INNER_CONNECTION

2014-09-29 13:38:40 Worker[Gateway]:CLIENT: CLOSE INNER_CONNECTION

2014-09-29 13:38:40 Worker[Gateway]:CLIENT: CLOSE INNER_CONNECTION

2014-09-29 13:38:40 Worker[Gateway]:CLIENT: CLOSE INNER_CONNECTION

2014-09-29 13:38:40 Worker[Gateway]:CLIENT: CLOSE INNER_CONNECTION

2014-09-29 13:38:40 Worker[Gateway]:CLIENT: CLOSE INNER_CONNECTION

2014-09-29 13:38:40 Worker[Gateway]:CLIENT: CLOSE INNER_CONNECTION

2014-09-29 13:38:40 Worker[Gateway]:CLIENT: CLOSE INNER_CONNECTION

2014-09-29 13:38:40 Worker[Gateway]:CLIENT: CLOSE INNER_CONNECTION

2014-09-29 13:38:40 Worker[Gateway]:CLIENT: CLOSE INNER_CONNECTION

2014-09-29 13:38:40 Worker[Gateway]:CLIENT: CLOSE INNER_CONNECTION

2014-09-29 13:38:40 Worker[Gateway]:CLIENT: CLOSE INNER_CONNECTION

2014-09-29 13:38:40 Worker[Gateway]:CLIENT: CLOSE INNER_CONNECTION

2014-09-29 13:38:40 Worker[Gateway]:CLIENT: CLOSE INNER_CONNECTION

2014-09-29 13:38:40 Worker[Gateway]:CLIENT: CLOSE INNER_CONNECTION

2014-09-29 13:38:40 Worker[Gateway]:CLIENT: CLOSE INNER_CONNECTION

2014-09-29 13:38:40 Worker[Gateway]:CLIENT: CLOSE INNER_CONNECTION

2014-09-29 13:38:40 Worker[Gateway]:CLIENT: CLOSE INNER_CONNECTION

2014-09-29 13:40:07 /data/test/workerman/workerman/applications/Demo/Event.php updated and reload workers
2014-09-29 13:40:07 Worker[Gateway]:CLIENT: CLOSE INNER_CONNECTION

2014-09-29 13:40:07 Worker[Gateway]:CLIENT: CLOSE INNER_CONNECTION

2014-09-29 13:40:07 Worker[Gateway]:CLIENT: CLOSE INNER_CONNECTION

2014-09-29 13:40:07 Worker[Gateway]:CLIENT: CLOSE INNER_CONNECTION

2014-09-29 13:40:07 Worker[Gateway]:CLIENT: CLOSE INNER_CONNECTION

2014-09-29 13:40:07 Worker[Gateway]:CLIENT: CLOSE INNER_CONNECTION

2014-09-29 13:40:07 Worker[Gateway]:CLIENT: CLOSE INNER_CONNECTION

2014-09-29 13:40:07 Worker[Gateway]:CLIENT: CLOSE INNER_CONNECTION

2014-09-29 13:40:07 Worker[Gateway]:CLIENT: CLOSE INNER_CONNECTION

2014-09-29 13:40:07 Worker[Gateway]:CLIENT: CLOSE INNER_CONNECTION

2014-09-29 13:40:07 Worker[Gateway]:CLIENT: CLOSE INNER_CONNECTION

2014-09-29 13:40:07 Worker[Gateway]:CLIENT: CLOSE INNER_CONNECTION

2014-09-29 13:40:07 Worker[Gateway]:CLIENT: CLOSE INNER_CONNECTION

2014-09-29 13:40:07 Worker[Gateway]:CLIENT: CLOSE INNER_CONNECTION

2014-09-29 13:40:07 Worker[Gateway]:CLIENT: CLOSE INNER_CONNECTION

2014-09-29 13:40:07 Worker[Gateway]:CLIENT: CLOSE INNER_CONNECTION

2014-09-29 13:40:07 Worker[Gateway]:CLIENT: CLOSE INNER_CONNECTION

2014-09-29 13:40:07 Worker[Gateway]:CLIENT: CLOSE INNER_CONNECTION

2014-09-29 13:40:07 Worker[Gateway]:CLIENT: CLOSE INNER_CONNECTION

2014-09-29 13:40:07 Worker[Gateway]:CLIENT: CLOSE INNER_CONNECTION

2014-09-29 13:40:07 Worker[Gateway]:CLIENT: CLOSE INNER_CONNECTION

2014-09-29 13:40:07 Worker[Gateway]:CLIENT: CLOSE INNER_CONNECTION

2014-09-29 13:40:07 Worker[Gateway]:CLIENT: CLOSE INNER_CONNECTION

2014-09-29 13:40:07 Worker[Gateway]:CLIENT: CLOSE INNER_CONNECTION

2014-09-29 13:40:07 Worker[Gateway]:CLIENT: CLOSE INNER_CONNECTION

2014-09-29 13:53:29 Server:Workerman is shutting down
2014-09-29 13:53:29 Worker[Gateway]:CLIENT: CLOSE INNER_CONNECTION

2014-09-29 13:53:29 Worker[Gateway]:CLIENT: CLOSE INNER_CONNECTION

2014-09-29 13:53:29 Worker[Gateway]:CLIENT: CLOSE INNER_CONNECTION

2014-09-29 13:53:29 Worker[Gateway]:CLIENT: CLOSE INNER_CONNECTION

2014-09-29 13:53:29 Worker[Gateway]:CLIENT: CLOSE INNER_CONNECTION

2014-09-29 13:53:29 Worker[Gateway]:CLIENT: CLOSE INNER_CONNECTION

2014-09-29 13:53:29 Worker[Gateway]:CLIENT: CLOSE INNER_CONNECTION

2014-09-29 13:53:29 Worker[Gateway]:CLIENT: CLOSE INNER_CONNECTION

2014-09-29 13:53:29 Worker[Gateway]:CLIENT: CLOSE INNER_CONNECTION

2014-09-29 13:53:29 Worker[Gateway]:CLIENT: CLOSE INNER_CONNECTION

2014-09-29 13:53:29 Worker[Gateway]:CLIENT: CLOSE INNER_CONNECTION

2014-09-29 13:53:29 Worker[Gateway]:CLIENT: CLOSE INNER_CONNECTION

2014-09-29 13:53:29 Worker[Gateway]:CLIENT: CLOSE INNER_CONNECTION

2014-09-29 13:53:29 Worker[Gateway]:CLIENT: CLOSE INNER_CONNECTION

2014-09-29 13:53:29 Server:Workerman stoped
